{"C:\\Users\\erikn\\dbwebb-kurser\\Spark-Project\\Spark-webapp\\react_native\\assets\\Active.png": {"path":"C:\\Users\\erikn\\dbwebb-kurser\\Spark-Project\\Spark-webapp\\react_native\\assets\\Active.png","statementMap":{"0":{"start":{"line":1,"column":0},"end":{"line":1,"column":19}}},"fnMap":{},"branchMap":{},"s":{"0":1},"f":{},"b":{},"_coverageSchema":"1a1c01bbd47fc00a2c39e90264f33305004495a9","hash":"93eea1d742b01fdc3bcbe994ca6967365f1d3e24"}
,"C:\\Users\\erikn\\dbwebb-kurser\\Spark-Project\\Spark-webapp\\react_native\\assets\\Available.png": {"path":"C:\\Users\\erikn\\dbwebb-kurser\\Spark-Project\\Spark-webapp\\react_native\\assets\\Available.png","statementMap":{"0":{"start":{"line":1,"column":0},"end":{"line":1,"column":19}}},"fnMap":{},"branchMap":{},"s":{"0":1},"f":{},"b":{},"_coverageSchema":"1a1c01bbd47fc00a2c39e90264f33305004495a9","hash":"ae02b3d571c34c8a1cd72410a887a617e901abe8"}
,"C:\\Users\\erikn\\dbwebb-kurser\\Spark-Project\\Spark-webapp\\react_native\\components\\Map.tsx": {"path":"C:\\Users\\erikn\\dbwebb-kurser\\Spark-Project\\Spark-webapp\\react_native\\components\\Map.tsx","statementMap":{"0":{"start":{"line":57,"column":8},"end":{"line":57,"column":21}},"1":{"start":{"line":58,"column":8},"end":{"line":83,"column":10}},"2":{"start":{"line":89,"column":28},"end":{"line":91,"column":5}},"3":{"start":{"line":90,"column":8},"end":{"line":90,"column":38}},"4":{"start":{"line":93,"column":24},"end":{"line":95,"column":5}},"5":{"start":{"line":94,"column":8},"end":{"line":94,"column":36}},"6":{"start":{"line":97,"column":22},"end":{"line":99,"column":5}},"7":{"start":{"line":98,"column":8},"end":{"line":98,"column":48}},"8":{"start":{"line":101,"column":28},"end":{"line":125,"column":5}},"9":{"start":{"line":102,"column":8},"end":{"line":124,"column":27}},"10":{"start":{"line":105,"column":16},"end":{"line":105,"column":32}},"11":{"start":{"line":106,"column":16},"end":{"line":120,"column":18}},"12":{"start":{"line":111,"column":28},"end":{"line":111,"column":44}},"13":{"start":{"line":112,"column":28},"end":{"line":115,"column":30}},"14":{"start":{"line":130,"column":19},"end":{"line":134,"column":5}},"15":{"start":{"line":131,"column":8},"end":{"line":133,"column":11}},"16":{"start":{"line":136,"column":22},"end":{"line":140,"column":5}},"17":{"start":{"line":137,"column":8},"end":{"line":139,"column":11}},"18":{"start":{"line":142,"column":15},"end":{"line":146,"column":5}},"19":{"start":{"line":143,"column":8},"end":{"line":145,"column":10}},"20":{"start":{"line":148,"column":15},"end":{"line":152,"column":5}},"21":{"start":{"line":149,"column":8},"end":{"line":151,"column":11}},"22":{"start":{"line":154,"column":21},"end":{"line":159,"column":5}},"23":{"start":{"line":156,"column":8},"end":{"line":158,"column":11}},"24":{"start":{"line":161,"column":30},"end":{"line":165,"column":5}},"25":{"start":{"line":162,"column":8},"end":{"line":164,"column":11}},"26":{"start":{"line":167,"column":27},"end":{"line":171,"column":5}},"27":{"start":{"line":168,"column":8},"end":{"line":170,"column":11}},"28":{"start":{"line":174,"column":25},"end":{"line":178,"column":5}},"29":{"start":{"line":175,"column":8},"end":{"line":177,"column":10}},"30":{"start":{"line":183,"column":15},"end":{"line":197,"column":5}},"31":{"start":{"line":184,"column":8},"end":{"line":184,"column":35}},"32":{"start":{"line":185,"column":25},"end":{"line":185,"column":57}},"33":{"start":{"line":186,"column":20},"end":{"line":186,"column":21}},"34":{"start":{"line":187,"column":8},"end":{"line":190,"column":9}},"35":{"start":{"line":188,"column":32},"end":{"line":188,"column":61}},"36":{"start":{"line":189,"column":12},"end":{"line":189,"column":38}},"37":{"start":{"line":191,"column":8},"end":{"line":196,"column":11}},"38":{"start":{"line":201,"column":25},"end":{"line":227,"column":5}},"39":{"start":{"line":202,"column":28},"end":{"line":205,"column":9}},"40":{"start":{"line":206,"column":8},"end":{"line":224,"column":10}},"41":{"start":{"line":212,"column":20},"end":{"line":219,"column":23}},"42":{"start":{"line":216,"column":32},"end":{"line":216,"column":48}},"43":{"start":{"line":217,"column":32},"end":{"line":217,"column":64}},"44":{"start":{"line":220,"column":20},"end":{"line":220,"column":36}},"45":{"start":{"line":226,"column":8},"end":{"line":226,"column":39}},"46":{"start":{"line":231,"column":26},"end":{"line":241,"column":5}},"47":{"start":{"line":232,"column":8},"end":{"line":239,"column":11}},"48":{"start":{"line":236,"column":16},"end":{"line":236,"column":32}},"49":{"start":{"line":237,"column":16},"end":{"line":237,"column":48}},"50":{"start":{"line":240,"column":8},"end":{"line":240,"column":24}},"51":{"start":{"line":245,"column":15},"end":{"line":302,"column":5}},"52":{"start":{"line":247,"column":37},"end":{"line":247,"column":39}},"53":{"start":{"line":254,"column":8},"end":{"line":266,"column":9}},"54":{"start":{"line":256,"column":34},"end":{"line":259,"column":13}},"55":{"start":{"line":262,"column":12},"end":{"line":264,"column":14}},"56":{"start":{"line":263,"column":16},"end":{"line":263,"column":56}},"57":{"start":{"line":270,"column":34},"end":{"line":270,"column":62}},"58":{"start":{"line":274,"column":8},"end":{"line":274,"column":41}},"59":{"start":{"line":277,"column":8},"end":{"line":286,"column":11}},"60":{"start":{"line":288,"column":8},"end":{"line":301,"column":10}},"61":{"start":{"line":313,"column":8},"end":{"line":313,"column":24}},"62":{"start":{"line":317,"column":27},"end":{"line":317,"column":77}},"63":{"start":{"line":318,"column":8},"end":{"line":321,"column":9}},"64":{"start":{"line":320,"column":12},"end":{"line":320,"column":19}},"65":{"start":{"line":322,"column":32},"end":{"line":322,"column":74}},"66":{"start":{"line":325,"column":8},"end":{"line":327,"column":11}},"67":{"start":{"line":333,"column":8},"end":{"line":338,"column":11}},"68":{"start":{"line":342,"column":26},"end":{"line":342,"column":55}},"69":{"start":{"line":343,"column":8},"end":{"line":348,"column":10}},"70":{"start":{"line":352,"column":29},"end":{"line":352,"column":62}},"71":{"start":{"line":354,"column":8},"end":{"line":359,"column":9}},"72":{"start":{"line":355,"column":36},"end":{"line":355,"column":73}},"73":{"start":{"line":356,"column":27},"end":{"line":356,"column":51}},"74":{"start":{"line":357,"column":25},"end":{"line":357,"column":55}},"75":{"start":{"line":358,"column":12},"end":{"line":358,"column":42}},"76":{"start":{"line":370,"column":30},"end":{"line":375,"column":9}},"77":{"start":{"line":377,"column":8},"end":{"line":447,"column":15}},"78":{"start":{"line":385,"column":20},"end":{"line":391,"column":23}},"79":{"start":{"line":396,"column":20},"end":{"line":433,"column":21}},"80":{"start":{"line":397,"column":24},"end":{"line":432,"column":25}},"81":{"start":{"line":399,"column":28},"end":{"line":417,"column":30}},"82":{"start":{"line":405,"column":36},"end":{"line":413,"column":43}},"83":{"start":{"line":419,"column":28},"end":{"line":427,"column":31}},"84":{"start":{"line":429,"column":28},"end":{"line":431,"column":30}}},"fnMap":{"0":{"name":"(anonymous_0)","decl":{"start":{"line":56,"column":4},"end":{"line":56,"column":5}},"loc":{"start":{"line":56,"column":48},"end":{"line":84,"column":5}},"line":56},"1":{"name":"(anonymous_1)","decl":{"start":{"line":89,"column":28},"end":{"line":89,"column":29}},"loc":{"start":{"line":89,"column":34},"end":{"line":91,"column":5}},"line":89},"2":{"name":"(anonymous_2)","decl":{"start":{"line":93,"column":24},"end":{"line":93,"column":25}},"loc":{"start":{"line":93,"column":30},"end":{"line":95,"column":5}},"line":93},"3":{"name":"(anonymous_3)","decl":{"start":{"line":97,"column":22},"end":{"line":97,"column":23}},"loc":{"start":{"line":97,"column":28},"end":{"line":99,"column":5}},"line":97},"4":{"name":"(anonymous_4)","decl":{"start":{"line":101,"column":28},"end":{"line":101,"column":29}},"loc":{"start":{"line":101,"column":34},"end":{"line":125,"column":5}},"line":101},"5":{"name":"(anonymous_5)","decl":{"start":{"line":104,"column":21},"end":{"line":104,"column":22}},"loc":{"start":{"line":104,"column":27},"end":{"line":121,"column":13}},"line":104},"6":{"name":"(anonymous_6)","decl":{"start":{"line":110,"column":33},"end":{"line":110,"column":34}},"loc":{"start":{"line":110,"column":39},"end":{"line":116,"column":25}},"line":110},"7":{"name":"(anonymous_7)","decl":{"start":{"line":130,"column":19},"end":{"line":130,"column":20}},"loc":{"start":{"line":130,"column":52},"end":{"line":134,"column":5}},"line":130},"8":{"name":"(anonymous_8)","decl":{"start":{"line":136,"column":22},"end":{"line":136,"column":23}},"loc":{"start":{"line":136,"column":61},"end":{"line":140,"column":5}},"line":136},"9":{"name":"(anonymous_9)","decl":{"start":{"line":142,"column":15},"end":{"line":142,"column":16}},"loc":{"start":{"line":142,"column":47},"end":{"line":146,"column":5}},"line":142},"10":{"name":"(anonymous_10)","decl":{"start":{"line":148,"column":15},"end":{"line":148,"column":16}},"loc":{"start":{"line":148,"column":40},"end":{"line":152,"column":5}},"line":148},"11":{"name":"(anonymous_11)","decl":{"start":{"line":154,"column":21},"end":{"line":154,"column":22}},"loc":{"start":{"line":154,"column":53},"end":{"line":159,"column":5}},"line":154},"12":{"name":"(anonymous_12)","decl":{"start":{"line":161,"column":30},"end":{"line":161,"column":31}},"loc":{"start":{"line":161,"column":70},"end":{"line":165,"column":5}},"line":161},"13":{"name":"(anonymous_13)","decl":{"start":{"line":167,"column":27},"end":{"line":167,"column":28}},"loc":{"start":{"line":167,"column":64},"end":{"line":171,"column":5}},"line":167},"14":{"name":"(anonymous_14)","decl":{"start":{"line":174,"column":25},"end":{"line":174,"column":26}},"loc":{"start":{"line":174,"column":31},"end":{"line":178,"column":5}},"line":174},"15":{"name":"(anonymous_15)","decl":{"start":{"line":183,"column":15},"end":{"line":183,"column":16}},"loc":{"start":{"line":183,"column":27},"end":{"line":197,"column":5}},"line":183},"16":{"name":"(anonymous_16)","decl":{"start":{"line":201,"column":25},"end":{"line":201,"column":26}},"loc":{"start":{"line":201,"column":41},"end":{"line":227,"column":5}},"line":201},"17":{"name":"(anonymous_17)","decl":{"start":{"line":211,"column":25},"end":{"line":211,"column":26}},"loc":{"start":{"line":211,"column":41},"end":{"line":221,"column":17}},"line":211},"18":{"name":"(anonymous_18)","decl":{"start":{"line":215,"column":37},"end":{"line":215,"column":38}},"loc":{"start":{"line":215,"column":49},"end":{"line":218,"column":29}},"line":215},"19":{"name":"(anonymous_19)","decl":{"start":{"line":231,"column":26},"end":{"line":231,"column":27}},"loc":{"start":{"line":231,"column":42},"end":{"line":241,"column":5}},"line":231},"20":{"name":"(anonymous_20)","decl":{"start":{"line":235,"column":25},"end":{"line":235,"column":26}},"loc":{"start":{"line":235,"column":37},"end":{"line":238,"column":13}},"line":235},"21":{"name":"(anonymous_21)","decl":{"start":{"line":245,"column":15},"end":{"line":245,"column":16}},"loc":{"start":{"line":245,"column":27},"end":{"line":302,"column":5}},"line":245},"22":{"name":"(anonymous_22)","decl":{"start":{"line":262,"column":50},"end":{"line":262,"column":51}},"loc":{"start":{"line":262,"column":57},"end":{"line":264,"column":13}},"line":262},"23":{"name":"(anonymous_23)","decl":{"start":{"line":309,"column":4},"end":{"line":309,"column":5}},"loc":{"start":{"line":309,"column":30},"end":{"line":360,"column":5}},"line":309},"24":{"name":"(anonymous_24)","decl":{"start":{"line":364,"column":4},"end":{"line":364,"column":5}},"loc":{"start":{"line":364,"column":13},"end":{"line":448,"column":5}},"line":364},"25":{"name":"(anonymous_25)","decl":{"start":{"line":381,"column":32},"end":{"line":381,"column":33}},"loc":{"start":{"line":381,"column":39},"end":{"line":392,"column":17}},"line":381},"26":{"name":"(anonymous_26)","decl":{"start":{"line":393,"column":25},"end":{"line":393,"column":26}},"loc":{"start":{"line":393,"column":32},"end":{"line":434,"column":17}},"line":393},"27":{"name":"(anonymous_27)","decl":{"start":{"line":403,"column":45},"end":{"line":403,"column":46}},"loc":{"start":{"line":403,"column":51},"end":{"line":414,"column":37}},"line":403}},"branchMap":{"0":{"loc":{"start":{"line":187,"column":8},"end":{"line":190,"column":9}},"type":"if","locations":[{"start":{"line":187,"column":8},"end":{"line":190,"column":9}},{"start":{},"end":{}}],"line":187},"1":{"loc":{"start":{"line":254,"column":8},"end":{"line":266,"column":9}},"type":"if","locations":[{"start":{"line":254,"column":8},"end":{"line":266,"column":9}},{"start":{},"end":{}}],"line":254},"2":{"loc":{"start":{"line":263,"column":23},"end":{"line":263,"column":55}},"type":"binary-expr","locations":[{"start":{"line":263,"column":23},"end":{"line":263,"column":37}},{"start":{"line":263,"column":41},"end":{"line":263,"column":55}}],"line":263},"3":{"loc":{"start":{"line":318,"column":8},"end":{"line":321,"column":9}},"type":"if","locations":[{"start":{"line":318,"column":8},"end":{"line":321,"column":9}},{"start":{},"end":{}}],"line":318},"4":{"loc":{"start":{"line":354,"column":8},"end":{"line":359,"column":9}},"type":"if","locations":[{"start":{"line":354,"column":8},"end":{"line":359,"column":9}},{"start":{},"end":{}}],"line":354},"5":{"loc":{"start":{"line":354,"column":12},"end":{"line":354,"column":51}},"type":"binary-expr","locations":[{"start":{"line":354,"column":12},"end":{"line":354,"column":24}},{"start":{"line":354,"column":28},"end":{"line":354,"column":51}}],"line":354},"6":{"loc":{"start":{"line":396,"column":20},"end":{"line":433,"column":21}},"type":"if","locations":[{"start":{"line":396,"column":20},"end":{"line":433,"column":21}},{"start":{},"end":{}}],"line":396},"7":{"loc":{"start":{"line":397,"column":24},"end":{"line":432,"column":25}},"type":"if","locations":[{"start":{"line":397,"column":24},"end":{"line":432,"column":25}},{"start":{"line":428,"column":31},"end":{"line":432,"column":25}}],"line":397},"8":{"loc":{"start":{"line":397,"column":28},"end":{"line":397,"column":79}},"type":"binary-expr","locations":[{"start":{"line":397,"column":28},"end":{"line":397,"column":51}},{"start":{"line":397,"column":55},"end":{"line":397,"column":79}}],"line":397}},"s":{"0":2,"1":2,"2":2,"3":0,"4":2,"5":1,"6":2,"7":0,"8":2,"9":2,"10":0,"11":0,"12":0,"13":0,"14":2,"15":1,"16":2,"17":1,"18":2,"19":1,"20":2,"21":1,"22":2,"23":1,"24":2,"25":0,"26":2,"27":0,"28":2,"29":0,"30":2,"31":0,"32":0,"33":0,"34":0,"35":0,"36":0,"37":0,"38":2,"39":0,"40":0,"41":0,"42":0,"43":0,"44":0,"45":0,"46":2,"47":0,"48":0,"49":0,"50":0,"51":2,"52":2,"53":2,"54":2,"55":0,"56":0,"57":0,"58":0,"59":0,"60":0,"61":2,"62":2,"63":0,"64":0,"65":0,"66":0,"67":0,"68":0,"69":0,"70":0,"71":0,"72":0,"73":0,"74":0,"75":0,"76":7,"77":7,"78":0,"79":0,"80":0,"81":0,"82":0,"83":0,"84":0},"f":{"0":2,"1":0,"2":1,"3":0,"4":2,"5":0,"6":0,"7":1,"8":1,"9":1,"10":1,"11":1,"12":0,"13":0,"14":0,"15":0,"16":0,"17":0,"18":0,"19":0,"20":0,"21":2,"22":0,"23":2,"24":7,"25":0,"26":0,"27":0},"b":{"0":[0,0],"1":[2,0],"2":[0,0],"3":[0,0],"4":[0,0],"5":[0,0],"6":[0,0],"7":[0,0],"8":[0,0]},"_coverageSchema":"1a1c01bbd47fc00a2c39e90264f33305004495a9","hash":"9ded1612d1e26eab59715d25f081950cfc4d8378"}
,"C:\\Users\\erikn\\dbwebb-kurser\\Spark-Project\\Spark-webapp\\react_native\\components\\geofences\\Geofence.tsx": {"path":"C:\\Users\\erikn\\dbwebb-kurser\\Spark-Project\\Spark-webapp\\react_native\\components\\geofences\\Geofence.tsx","statementMap":{"0":{"start":{"line":15,"column":61},"end":{"line":15,"column":71}},"1":{"start":{"line":17,"column":51},"end":{"line":17,"column":53}},"2":{"start":{"line":19,"column":8},"end":{"line":24,"column":10}},"3":{"start":{"line":20,"column":12},"end":{"line":23,"column":14}},"4":{"start":{"line":26,"column":8},"end":{"line":44,"column":10}},"5":{"start":{"line":38,"column":20},"end":{"line":40,"column":27}},"6":{"start":{"line":39,"column":24},"end":{"line":39,"column":34}}},"fnMap":{"0":{"name":"(anonymous_0)","decl":{"start":{"line":14,"column":4},"end":{"line":14,"column":5}},"loc":{"start":{"line":14,"column":13},"end":{"line":45,"column":5}},"line":14},"1":{"name":"(anonymous_1)","decl":{"start":{"line":19,"column":28},"end":{"line":19,"column":29}},"loc":{"start":{"line":19,"column":35},"end":{"line":24,"column":9}},"line":19},"2":{"name":"(anonymous_2)","decl":{"start":{"line":34,"column":25},"end":{"line":34,"column":26}},"loc":{"start":{"line":34,"column":31},"end":{"line":42,"column":17}},"line":34},"3":{"name":"(anonymous_3)","decl":{"start":{"line":38,"column":31},"end":{"line":38,"column":32}},"loc":{"start":{"line":38,"column":43},"end":{"line":40,"column":21}},"line":38}},"branchMap":{},"s":{"0":4,"1":4,"2":4,"3":8,"4":4,"5":0,"6":0},"f":{"0":4,"1":8,"2":0,"3":0},"b":{},"_coverageSchema":"1a1c01bbd47fc00a2c39e90264f33305004495a9","hash":"7a13d2bf5f1fc02a9f5252ecc9f4c2035571ccf0"}
,"C:\\Users\\erikn\\dbwebb-kurser\\Spark-Project\\Spark-webapp\\react_native\\components\\geofences\\GeofenceGroup.tsx": {"path":"C:\\Users\\erikn\\dbwebb-kurser\\Spark-Project\\Spark-webapp\\react_native\\components\\geofences\\GeofenceGroup.tsx","statementMap":{"0":{"start":{"line":21,"column":20},"end":{"line":85,"column":5}},"1":{"start":{"line":23,"column":8},"end":{"line":84,"column":10}},"2":{"start":{"line":24,"column":32},"end":{"line":24,"column":57}},"3":{"start":{"line":25,"column":25},"end":{"line":25,"column":31}},"4":{"start":{"line":26,"column":25},"end":{"line":26,"column":31}},"5":{"start":{"line":28,"column":12},"end":{"line":41,"column":13}},"6":{"start":{"line":29,"column":16},"end":{"line":40,"column":18}},"7":{"start":{"line":35,"column":24},"end":{"line":38,"column":27}},"8":{"start":{"line":42,"column":12},"end":{"line":55,"column":13}},"9":{"start":{"line":43,"column":16},"end":{"line":54,"column":18}},"10":{"start":{"line":49,"column":24},"end":{"line":52,"column":27}},"11":{"start":{"line":56,"column":12},"end":{"line":69,"column":13}},"12":{"start":{"line":57,"column":16},"end":{"line":68,"column":18}},"13":{"start":{"line":63,"column":24},"end":{"line":66,"column":27}},"14":{"start":{"line":70,"column":12},"end":{"line":83,"column":13}},"15":{"start":{"line":71,"column":16},"end":{"line":82,"column":18}},"16":{"start":{"line":77,"column":24},"end":{"line":80,"column":27}},"17":{"start":{"line":89,"column":40},"end":{"line":89,"column":50}},"18":{"start":{"line":91,"column":30},"end":{"line":91,"column":69}},"19":{"start":{"line":93,"column":8},"end":{"line":97,"column":10}}},"fnMap":{"0":{"name":"(anonymous_0)","decl":{"start":{"line":21,"column":20},"end":{"line":21,"column":21}},"loc":{"start":{"line":22,"column":23},"end":{"line":85,"column":5}},"line":22},"1":{"name":"(anonymous_1)","decl":{"start":{"line":23,"column":29},"end":{"line":23,"column":30}},"loc":{"start":{"line":23,"column":51},"end":{"line":84,"column":9}},"line":23},"2":{"name":"(anonymous_2)","decl":{"start":{"line":34,"column":29},"end":{"line":34,"column":30}},"loc":{"start":{"line":34,"column":35},"end":{"line":39,"column":21}},"line":34},"3":{"name":"(anonymous_3)","decl":{"start":{"line":48,"column":29},"end":{"line":48,"column":30}},"loc":{"start":{"line":48,"column":35},"end":{"line":53,"column":21}},"line":48},"4":{"name":"(anonymous_4)","decl":{"start":{"line":62,"column":29},"end":{"line":62,"column":30}},"loc":{"start":{"line":62,"column":35},"end":{"line":67,"column":21}},"line":62},"5":{"name":"(anonymous_5)","decl":{"start":{"line":76,"column":29},"end":{"line":76,"column":30}},"loc":{"start":{"line":76,"column":35},"end":{"line":81,"column":21}},"line":76},"6":{"name":"(anonymous_6)","decl":{"start":{"line":87,"column":4},"end":{"line":87,"column":5}},"loc":{"start":{"line":87,"column":13},"end":{"line":98,"column":5}},"line":87}},"branchMap":{"0":{"loc":{"start":{"line":28,"column":12},"end":{"line":41,"column":13}},"type":"if","locations":[{"start":{"line":28,"column":12},"end":{"line":41,"column":13}},{"start":{},"end":{}}],"line":28},"1":{"loc":{"start":{"line":42,"column":12},"end":{"line":55,"column":13}},"type":"if","locations":[{"start":{"line":42,"column":12},"end":{"line":55,"column":13}},{"start":{},"end":{}}],"line":42},"2":{"loc":{"start":{"line":56,"column":12},"end":{"line":69,"column":13}},"type":"if","locations":[{"start":{"line":56,"column":12},"end":{"line":69,"column":13}},{"start":{},"end":{}}],"line":56},"3":{"loc":{"start":{"line":70,"column":12},"end":{"line":83,"column":13}},"type":"if","locations":[{"start":{"line":70,"column":12},"end":{"line":83,"column":13}},{"start":{},"end":{}}],"line":70}},"s":{"0":1,"1":1,"2":3,"3":3,"4":3,"5":3,"6":1,"7":0,"8":2,"9":1,"10":0,"11":1,"12":1,"13":0,"14":0,"15":0,"16":0,"17":1,"18":1,"19":1},"f":{"0":1,"1":3,"2":0,"3":0,"4":0,"5":0,"6":1},"b":{"0":[1,2],"1":[1,1],"2":[1,0],"3":[0,0]},"_coverageSchema":"1a1c01bbd47fc00a2c39e90264f33305004495a9","hash":"4cb56cca2ec7d14ebd5f08a73fa1887bae3ed6c5"}
,"C:\\Users\\erikn\\dbwebb-kurser\\Spark-Project\\Spark-webapp\\react_native\\components\\markers\\BikeMarkers.tsx": {"path":"C:\\Users\\erikn\\dbwebb-kurser\\Spark-Project\\Spark-webapp\\react_native\\components\\markers\\BikeMarkers.tsx","statementMap":{"0":{"start":{"line":26,"column":20},"end":{"line":77,"column":5}},"1":{"start":{"line":32,"column":8},"end":{"line":76,"column":10}},"2":{"start":{"line":34,"column":24},"end":{"line":34,"column":48}},"3":{"start":{"line":35,"column":25},"end":{"line":35,"column":49}},"4":{"start":{"line":37,"column":32},"end":{"line":40,"column":13}},"5":{"start":{"line":42,"column":12},"end":{"line":71,"column":13}},"6":{"start":{"line":46,"column":16},"end":{"line":70,"column":18}},"7":{"start":{"line":55,"column":24},"end":{"line":68,"column":28}},"8":{"start":{"line":74,"column":12},"end":{"line":74,"column":71}},"9":{"start":{"line":75,"column":12},"end":{"line":75,"column":23}},"10":{"start":{"line":80,"column":8},"end":{"line":80,"column":40}},"11":{"start":{"line":84,"column":8},"end":{"line":84,"column":40}},"12":{"start":{"line":89,"column":66},"end":{"line":89,"column":76}},"13":{"start":{"line":91,"column":28},"end":{"line":91,"column":93}},"14":{"start":{"line":93,"column":8},"end":{"line":97,"column":10}}},"fnMap":{"0":{"name":"(anonymous_0)","decl":{"start":{"line":26,"column":20},"end":{"line":26,"column":21}},"loc":{"start":{"line":31,"column":30},"end":{"line":77,"column":5}},"line":31},"1":{"name":"(anonymous_1)","decl":{"start":{"line":32,"column":25},"end":{"line":32,"column":26}},"loc":{"start":{"line":32,"column":53},"end":{"line":76,"column":9}},"line":32},"2":{"name":"(anonymous_2)","decl":{"start":{"line":54,"column":29},"end":{"line":54,"column":30}},"loc":{"start":{"line":54,"column":35},"end":{"line":69,"column":21}},"line":54},"3":{"name":"(anonymous_3)","decl":{"start":{"line":79,"column":4},"end":{"line":79,"column":5}},"loc":{"start":{"line":79,"column":24},"end":{"line":81,"column":5}},"line":79},"4":{"name":"(anonymous_4)","decl":{"start":{"line":83,"column":4},"end":{"line":83,"column":5}},"loc":{"start":{"line":83,"column":25},"end":{"line":85,"column":5}},"line":83},"5":{"name":"(anonymous_5)","decl":{"start":{"line":87,"column":4},"end":{"line":87,"column":5}},"loc":{"start":{"line":87,"column":13},"end":{"line":98,"column":5}},"line":87}},"branchMap":{"0":{"loc":{"start":{"line":42,"column":12},"end":{"line":71,"column":13}},"type":"if","locations":[{"start":{"line":42,"column":12},"end":{"line":71,"column":13}},{"start":{},"end":{}}],"line":42},"1":{"loc":{"start":{"line":42,"column":16},"end":{"line":45,"column":31}},"type":"binary-expr","locations":[{"start":{"line":42,"column":16},"end":{"line":42,"column":40}},{"start":{"line":43,"column":16},"end":{"line":43,"column":30}},{"start":{"line":44,"column":16},"end":{"line":44,"column":41}},{"start":{"line":45,"column":16},"end":{"line":45,"column":31}}],"line":42}},"s":{"0":2,"1":2,"2":4,"3":4,"4":4,"5":4,"6":3,"7":0,"8":1,"9":1,"10":2,"11":0,"12":2,"13":2,"14":2},"f":{"0":2,"1":4,"2":0,"3":2,"4":0,"5":2},"b":{"0":[3,1],"1":[4,4,3,3]},"_coverageSchema":"1a1c01bbd47fc00a2c39e90264f33305004495a9","hash":"a040aead86d0d44ab79ce0dbeb15013eb39f66a3"}
,"C:\\Users\\erikn\\dbwebb-kurser\\Spark-Project\\Spark-webapp\\react_native\\components\\markers\\CustomMarker.tsx": {"path":"C:\\Users\\erikn\\dbwebb-kurser\\Spark-Project\\Spark-webapp\\react_native\\components\\markers\\CustomMarker.tsx","statementMap":{"0":{"start":{"line":19,"column":64},"end":{"line":19,"column":74}},"1":{"start":{"line":20,"column":8},"end":{"line":32,"column":10}}},"fnMap":{"0":{"name":"(anonymous_0)","decl":{"start":{"line":17,"column":4},"end":{"line":17,"column":5}},"loc":{"start":{"line":17,"column":13},"end":{"line":33,"column":5}},"line":17}},"branchMap":{},"s":{"0":6,"1":6},"f":{"0":6},"b":{},"_coverageSchema":"1a1c01bbd47fc00a2c39e90264f33305004495a9","hash":"781afaf53b273fcd84beec2fb5bf025ea8b129a1"}
,"C:\\Users\\erikn\\dbwebb-kurser\\Spark-Project\\Spark-webapp\\react_native\\components\\markers\\CustomMarkerSmall.tsx": {"path":"C:\\Users\\erikn\\dbwebb-kurser\\Spark-Project\\Spark-webapp\\react_native\\components\\markers\\CustomMarkerSmall.tsx","statementMap":{"0":{"start":{"line":19,"column":64},"end":{"line":19,"column":74}},"1":{"start":{"line":20,"column":8},"end":{"line":31,"column":10}}},"fnMap":{"0":{"name":"(anonymous_0)","decl":{"start":{"line":17,"column":4},"end":{"line":17,"column":5}},"loc":{"start":{"line":17,"column":13},"end":{"line":32,"column":5}},"line":17}},"branchMap":{},"s":{"0":0,"1":0},"f":{"0":0},"b":{},"_coverageSchema":"1a1c01bbd47fc00a2c39e90264f33305004495a9","hash":"a3df8af2bf30e48a05f9eff7afdb9bb53db4b684"}
,"C:\\Users\\erikn\\dbwebb-kurser\\Spark-Project\\Spark-webapp\\react_native\\components\\markers\\RentedMarker.tsx": {"path":"C:\\Users\\erikn\\dbwebb-kurser\\Spark-Project\\Spark-webapp\\react_native\\components\\markers\\RentedMarker.tsx","statementMap":{"0":{"start":{"line":17,"column":25},"end":{"line":34,"column":5}},"1":{"start":{"line":18,"column":8},"end":{"line":33,"column":21}},"2":{"start":{"line":21,"column":29},"end":{"line":21,"column":43}},"3":{"start":{"line":39,"column":47},"end":{"line":39,"column":57}},"4":{"start":{"line":41,"column":29},"end":{"line":41,"column":80}},"5":{"start":{"line":43,"column":8},"end":{"line":47,"column":10}}},"fnMap":{"0":{"name":"(anonymous_0)","decl":{"start":{"line":17,"column":25},"end":{"line":17,"column":26}},"loc":{"start":{"line":17,"column":109},"end":{"line":34,"column":5}},"line":17},"1":{"name":"(anonymous_1)","decl":{"start":{"line":21,"column":21},"end":{"line":21,"column":22}},"loc":{"start":{"line":21,"column":27},"end":{"line":21,"column":45}},"line":21},"2":{"name":"(anonymous_2)","decl":{"start":{"line":38,"column":4},"end":{"line":38,"column":5}},"loc":{"start":{"line":38,"column":13},"end":{"line":48,"column":5}},"line":38}},"branchMap":{},"s":{"0":3,"1":3,"2":1,"3":3,"4":3,"5":3},"f":{"0":3,"1":1,"2":3},"b":{},"_coverageSchema":"1a1c01bbd47fc00a2c39e90264f33305004495a9","hash":"f5a53d4a833dd960ba31a164a2bf2041f4ce0245"}
,"C:\\Users\\erikn\\dbwebb-kurser\\Spark-Project\\Spark-webapp\\react_native\\components\\markers\\StationMarkers.tsx": {"path":"C:\\Users\\erikn\\dbwebb-kurser\\Spark-Project\\Spark-webapp\\react_native\\components\\markers\\StationMarkers.tsx","statementMap":{"0":{"start":{"line":31,"column":20},"end":{"line":95,"column":5}},"1":{"start":{"line":43,"column":8},"end":{"line":94,"column":10}},"2":{"start":{"line":45,"column":24},"end":{"line":45,"column":48}},"3":{"start":{"line":46,"column":25},"end":{"line":46,"column":49}},"4":{"start":{"line":48,"column":32},"end":{"line":51,"column":13}},"5":{"start":{"line":53,"column":12},"end":{"line":89,"column":13}},"6":{"start":{"line":57,"column":16},"end":{"line":88,"column":18}},"7":{"start":{"line":76,"column":24},"end":{"line":86,"column":28}},"8":{"start":{"line":92,"column":12},"end":{"line":92,"column":71}},"9":{"start":{"line":93,"column":12},"end":{"line":93,"column":23}},"10":{"start":{"line":107,"column":32},"end":{"line":107,"column":42}},"11":{"start":{"line":109,"column":31},"end":{"line":118,"column":28}},"12":{"start":{"line":120,"column":8},"end":{"line":124,"column":10}}},"fnMap":{"0":{"name":"(anonymous_0)","decl":{"start":{"line":31,"column":20},"end":{"line":31,"column":21}},"loc":{"start":{"line":42,"column":30},"end":{"line":95,"column":5}},"line":42},"1":{"name":"(anonymous_1)","decl":{"start":{"line":43,"column":28},"end":{"line":43,"column":29}},"loc":{"start":{"line":43,"column":59},"end":{"line":94,"column":9}},"line":43},"2":{"name":"(anonymous_2)","decl":{"start":{"line":62,"column":29},"end":{"line":62,"column":30}},"loc":{"start":{"line":62,"column":35},"end":{"line":87,"column":21}},"line":62},"3":{"name":"(anonymous_3)","decl":{"start":{"line":97,"column":4},"end":{"line":97,"column":5}},"loc":{"start":{"line":97,"column":13},"end":{"line":125,"column":5}},"line":97}},"branchMap":{"0":{"loc":{"start":{"line":53,"column":12},"end":{"line":89,"column":13}},"type":"if","locations":[{"start":{"line":53,"column":12},"end":{"line":89,"column":13}},{"start":{},"end":{}}],"line":53},"1":{"loc":{"start":{"line":53,"column":16},"end":{"line":56,"column":31}},"type":"binary-expr","locations":[{"start":{"line":53,"column":16},"end":{"line":53,"column":40}},{"start":{"line":54,"column":16},"end":{"line":54,"column":30}},{"start":{"line":55,"column":16},"end":{"line":55,"column":41}},{"start":{"line":56,"column":16},"end":{"line":56,"column":31}}],"line":53}},"s":{"0":0,"1":0,"2":0,"3":0,"4":0,"5":0,"6":0,"7":0,"8":0,"9":0,"10":0,"11":0,"12":0},"f":{"0":0,"1":0,"2":0,"3":0},"b":{"0":[0,0],"1":[0,0,0,0]},"_coverageSchema":"1a1c01bbd47fc00a2c39e90264f33305004495a9","hash":"aaab9530f9d9ac313b17dde57ca350b58a27aec1"}
,"C:\\Users\\erikn\\dbwebb-kurser\\Spark-Project\\Spark-webapp\\react_native\\components\\markers\\UserMarker.tsx": {"path":"C:\\Users\\erikn\\dbwebb-kurser\\Spark-Project\\Spark-webapp\\react_native\\components\\markers\\UserMarker.tsx","statementMap":{"0":{"start":{"line":12,"column":36},"end":{"line":12,"column":46}},"1":{"start":{"line":14,"column":8},"end":{"line":23,"column":10}}},"fnMap":{"0":{"name":"(anonymous_0)","decl":{"start":{"line":11,"column":4},"end":{"line":11,"column":5}},"loc":{"start":{"line":11,"column":13},"end":{"line":24,"column":5}},"line":11}},"branchMap":{},"s":{"0":0,"1":0},"f":{"0":0},"b":{},"_coverageSchema":"1a1c01bbd47fc00a2c39e90264f33305004495a9","hash":"12e4b9880b388aa32adcef377003bfa8b1c127dc"}
,"C:\\Users\\erikn\\dbwebb-kurser\\Spark-Project\\Spark-webapp\\react_native\\components\\panels\\BikePanel.tsx": {"path":"C:\\Users\\erikn\\dbwebb-kurser\\Spark-Project\\Spark-webapp\\react_native\\components\\panels\\BikePanel.tsx","statementMap":{"0":{"start":{"line":26,"column":8},"end":{"line":26,"column":21}},"1":{"start":{"line":27,"column":8},"end":{"line":32,"column":10}},"2":{"start":{"line":36,"column":8},"end":{"line":36,"column":28}},"3":{"start":{"line":39,"column":19},"end":{"line":49,"column":5}},"4":{"start":{"line":40,"column":24},"end":{"line":40,"column":51}},"5":{"start":{"line":42,"column":8},"end":{"line":48,"column":10}},"6":{"start":{"line":53,"column":55},"end":{"line":53,"column":65}},"7":{"start":{"line":55,"column":8},"end":{"line":55,"column":33}},"8":{"start":{"line":58,"column":8},"end":{"line":93,"column":10}},"9":{"start":{"line":67,"column":28},"end":{"line":67,"column":66}},"10":{"start":{"line":68,"column":28},"end":{"line":68,"column":53}},"11":{"start":{"line":69,"column":28},"end":{"line":71,"column":31}}},"fnMap":{"0":{"name":"(anonymous_0)","decl":{"start":{"line":25,"column":4},"end":{"line":25,"column":5}},"loc":{"start":{"line":25,"column":28},"end":{"line":33,"column":5}},"line":25},"1":{"name":"(anonymous_1)","decl":{"start":{"line":35,"column":4},"end":{"line":35,"column":5}},"loc":{"start":{"line":35,"column":24},"end":{"line":37,"column":5}},"line":35},"2":{"name":"(anonymous_2)","decl":{"start":{"line":39,"column":19},"end":{"line":39,"column":20}},"loc":{"start":{"line":39,"column":31},"end":{"line":49,"column":5}},"line":39},"3":{"name":"(anonymous_3)","decl":{"start":{"line":52,"column":4},"end":{"line":52,"column":5}},"loc":{"start":{"line":52,"column":13},"end":{"line":94,"column":5}},"line":52},"4":{"name":"(anonymous_4)","decl":{"start":{"line":66,"column":24},"end":{"line":66,"column":25}},"loc":{"start":{"line":66,"column":36},"end":{"line":72,"column":25}},"line":66}},"branchMap":{"0":{"loc":{"start":{"line":78,"column":20},"end":{"line":82,"column":27}},"type":"binary-expr","locations":[{"start":{"line":78,"column":20},"end":{"line":78,"column":50}},{"start":{"line":78,"column":54},"end":{"line":78,"column":71}},{"start":{"line":79,"column":20},"end":{"line":82,"column":27}}],"line":78},"1":{"loc":{"start":{"line":85,"column":20},"end":{"line":89,"column":27}},"type":"binary-expr","locations":[{"start":{"line":85,"column":20},"end":{"line":85,"column":50}},{"start":{"line":85,"column":54},"end":{"line":85,"column":72}},{"start":{"line":86,"column":20},"end":{"line":89,"column":27}}],"line":85}},"s":{"0":2,"1":2,"2":2,"3":2,"4":2,"5":0,"6":2,"7":2,"8":2,"9":1,"10":0,"11":0},"f":{"0":2,"1":2,"2":2,"3":2,"4":1},"b":{"0":[2,0,0],"1":[2,0,0]},"_coverageSchema":"1a1c01bbd47fc00a2c39e90264f33305004495a9","hash":"baa0d6a4250c8d49af086f3bec7a4cc5625277cc"}
,"C:\\Users\\erikn\\dbwebb-kurser\\Spark-Project\\Spark-webapp\\react_native\\components\\panels\\ChargBikeIcon.tsx": {"path":"C:\\Users\\erikn\\dbwebb-kurser\\Spark-Project\\Spark-webapp\\react_native\\components\\panels\\ChargBikeIcon.tsx","statementMap":{"0":{"start":{"line":19,"column":62},"end":{"line":19,"column":72}},"1":{"start":{"line":21,"column":8},"end":{"line":40,"column":10}},"2":{"start":{"line":25,"column":29},"end":{"line":25,"column":56}},"3":{"start":{"line":26,"column":16},"end":{"line":30,"column":23}}},"fnMap":{"0":{"name":"(anonymous_0)","decl":{"start":{"line":17,"column":4},"end":{"line":17,"column":5}},"loc":{"start":{"line":17,"column":13},"end":{"line":41,"column":5}},"line":17},"1":{"name":"(anonymous_1)","decl":{"start":{"line":24,"column":21},"end":{"line":24,"column":22}},"loc":{"start":{"line":24,"column":33},"end":{"line":31,"column":17}},"line":24}},"branchMap":{},"s":{"0":0,"1":0,"2":0,"3":0},"f":{"0":0,"1":0},"b":{},"_coverageSchema":"1a1c01bbd47fc00a2c39e90264f33305004495a9","hash":"5d33e015e02a087d8e9a44de342c2058f6693395"}
,"C:\\Users\\erikn\\dbwebb-kurser\\Spark-Project\\Spark-webapp\\react_native\\components\\panels\\ChargBikeIconPanel.tsx": {"path":"C:\\Users\\erikn\\dbwebb-kurser\\Spark-Project\\Spark-webapp\\react_native\\components\\panels\\ChargBikeIconPanel.tsx","statementMap":{"0":{"start":{"line":22,"column":34},"end":{"line":22,"column":44}},"1":{"start":{"line":24,"column":27},"end":{"line":32,"column":10}},"2":{"start":{"line":25,"column":12},"end":{"line":31,"column":14}},"3":{"start":{"line":34,"column":8},"end":{"line":45,"column":10}}},"fnMap":{"0":{"name":"(anonymous_0)","decl":{"start":{"line":20,"column":4},"end":{"line":20,"column":5}},"loc":{"start":{"line":20,"column":13},"end":{"line":46,"column":5}},"line":20},"1":{"name":"(anonymous_1)","decl":{"start":{"line":24,"column":45},"end":{"line":24,"column":46}},"loc":{"start":{"line":24,"column":59},"end":{"line":32,"column":9}},"line":24}},"branchMap":{},"s":{"0":0,"1":0,"2":0,"3":0},"f":{"0":0,"1":0},"b":{},"_coverageSchema":"1a1c01bbd47fc00a2c39e90264f33305004495a9","hash":"cddb2f62685c4d43175e297ac486c2e4c010a05c"}
,"C:\\Users\\erikn\\dbwebb-kurser\\Spark-Project\\Spark-webapp\\react_native\\components\\panels\\DestinationPanel.tsx": {"path":"C:\\Users\\erikn\\dbwebb-kurser\\Spark-Project\\Spark-webapp\\react_native\\components\\panels\\DestinationPanel.tsx","statementMap":{"0":{"start":{"line":10,"column":33},"end":{"line":10,"column":43}},"1":{"start":{"line":11,"column":8},"end":{"line":20,"column":10}}},"fnMap":{"0":{"name":"(anonymous_0)","decl":{"start":{"line":9,"column":4},"end":{"line":9,"column":5}},"loc":{"start":{"line":9,"column":13},"end":{"line":21,"column":5}},"line":9}},"branchMap":{},"s":{"0":1,"1":1},"f":{"0":1},"b":{},"_coverageSchema":"1a1c01bbd47fc00a2c39e90264f33305004495a9","hash":"0a1e8e64b96aae3d9d7e561a03062a14d970cc8e"}
,"C:\\Users\\erikn\\dbwebb-kurser\\Spark-Project\\Spark-webapp\\react_native\\components\\panels\\GeofencePanel.tsx": {"path":"C:\\Users\\erikn\\dbwebb-kurser\\Spark-Project\\Spark-webapp\\react_native\\components\\panels\\GeofencePanel.tsx","statementMap":{"0":{"start":{"line":9,"column":31},"end":{"line":9,"column":41}},"1":{"start":{"line":10,"column":8},"end":{"line":15,"column":10}}},"fnMap":{"0":{"name":"(anonymous_0)","decl":{"start":{"line":8,"column":4},"end":{"line":8,"column":5}},"loc":{"start":{"line":8,"column":13},"end":{"line":16,"column":5}},"line":8}},"branchMap":{},"s":{"0":1,"1":1},"f":{"0":1},"b":{},"_coverageSchema":"1a1c01bbd47fc00a2c39e90264f33305004495a9","hash":"27049e129364c96158a4d4d98515431d1c240524"}
,"C:\\Users\\erikn\\dbwebb-kurser\\Spark-Project\\Spark-webapp\\react_native\\components\\panels\\PricePanel.tsx": {"path":"C:\\Users\\erikn\\dbwebb-kurser\\Spark-Project\\Spark-webapp\\react_native\\components\\panels\\PricePanel.tsx","statementMap":{"0":{"start":{"line":9,"column":26},"end":{"line":9,"column":36}},"1":{"start":{"line":10,"column":8},"end":{"line":18,"column":10}}},"fnMap":{"0":{"name":"(anonymous_0)","decl":{"start":{"line":8,"column":4},"end":{"line":8,"column":5}},"loc":{"start":{"line":8,"column":13},"end":{"line":19,"column":5}},"line":8}},"branchMap":{},"s":{"0":1,"1":1},"f":{"0":1},"b":{},"_coverageSchema":"1a1c01bbd47fc00a2c39e90264f33305004495a9","hash":"3f8dc64cf5fec4f6b460f7c8740383193ea2edc6"}
,"C:\\Users\\erikn\\dbwebb-kurser\\Spark-Project\\Spark-webapp\\react_native\\components\\panels\\RentedPanel.tsx": {"path":"C:\\Users\\erikn\\dbwebb-kurser\\Spark-Project\\Spark-webapp\\react_native\\components\\panels\\RentedPanel.tsx","statementMap":{"0":{"start":{"line":23,"column":8},"end":{"line":23,"column":21}},"1":{"start":{"line":24,"column":8},"end":{"line":26,"column":10}},"2":{"start":{"line":30,"column":8},"end":{"line":30,"column":28}},"3":{"start":{"line":33,"column":19},"end":{"line":38,"column":5}},"4":{"start":{"line":34,"column":24},"end":{"line":34,"column":51}},"5":{"start":{"line":35,"column":8},"end":{"line":37,"column":10}},"6":{"start":{"line":43,"column":34},"end":{"line":43,"column":44}},"7":{"start":{"line":44,"column":8},"end":{"line":58,"column":10}},"8":{"start":{"line":51,"column":24},"end":{"line":51,"column":34}}},"fnMap":{"0":{"name":"(anonymous_0)","decl":{"start":{"line":22,"column":4},"end":{"line":22,"column":5}},"loc":{"start":{"line":22,"column":28},"end":{"line":27,"column":5}},"line":22},"1":{"name":"(anonymous_1)","decl":{"start":{"line":29,"column":4},"end":{"line":29,"column":5}},"loc":{"start":{"line":29,"column":24},"end":{"line":31,"column":5}},"line":29},"2":{"name":"(anonymous_2)","decl":{"start":{"line":33,"column":19},"end":{"line":33,"column":20}},"loc":{"start":{"line":33,"column":31},"end":{"line":38,"column":5}},"line":33},"3":{"name":"(anonymous_3)","decl":{"start":{"line":41,"column":4},"end":{"line":41,"column":5}},"loc":{"start":{"line":41,"column":13},"end":{"line":59,"column":5}},"line":41},"4":{"name":"(anonymous_4)","decl":{"start":{"line":50,"column":29},"end":{"line":50,"column":30}},"loc":{"start":{"line":50,"column":35},"end":{"line":52,"column":21}},"line":50}},"branchMap":{},"s":{"0":1,"1":1,"2":0,"3":1,"4":0,"5":0,"6":1,"7":1,"8":0},"f":{"0":1,"1":0,"2":0,"3":1,"4":0},"b":{},"_coverageSchema":"1a1c01bbd47fc00a2c39e90264f33305004495a9","hash":"33948d84fd56d4348528fa7129f5bdc8f438c691"}
,"C:\\Users\\erikn\\dbwebb-kurser\\Spark-Project\\Spark-webapp\\react_native\\components\\panels\\SetDestinationPanel.tsx": {"path":"C:\\Users\\erikn\\dbwebb-kurser\\Spark-Project\\Spark-webapp\\react_native\\components\\panels\\SetDestinationPanel.tsx","statementMap":{"0":{"start":{"line":32,"column":12},"end":{"line":32,"column":22}},"1":{"start":{"line":33,"column":8},"end":{"line":66,"column":10}},"2":{"start":{"line":39,"column":24},"end":{"line":39,"column":52}},"3":{"start":{"line":40,"column":49},"end":{"line":40,"column":102}},"4":{"start":{"line":41,"column":24},"end":{"line":43,"column":27}},"5":{"start":{"line":44,"column":24},"end":{"line":58,"column":27}},"6":{"start":{"line":48,"column":32},"end":{"line":55,"column":35}},"7":{"start":{"line":50,"column":40},"end":{"line":50,"column":55}},"8":{"start":{"line":51,"column":40},"end":{"line":51,"column":67}},"9":{"start":{"line":52,"column":40},"end":{"line":52,"column":61}},"10":{"start":{"line":53,"column":40},"end":{"line":53,"column":55}},"11":{"start":{"line":59,"column":24},"end":{"line":59,"column":39}},"12":{"start":{"line":60,"column":24},"end":{"line":60,"column":54}}},"fnMap":{"0":{"name":"(anonymous_0)","decl":{"start":{"line":23,"column":4},"end":{"line":23,"column":5}},"loc":{"start":{"line":23,"column":13},"end":{"line":67,"column":5}},"line":23},"1":{"name":"(anonymous_1)","decl":{"start":{"line":38,"column":29},"end":{"line":38,"column":30}},"loc":{"start":{"line":38,"column":41},"end":{"line":61,"column":21}},"line":38},"2":{"name":"(anonymous_2)","decl":{"start":{"line":47,"column":37},"end":{"line":47,"column":38}},"loc":{"start":{"line":47,"column":43},"end":{"line":56,"column":29}},"line":47},"3":{"name":"(anonymous_3)","decl":{"start":{"line":49,"column":51},"end":{"line":49,"column":52}},"loc":{"start":{"line":49,"column":57},"end":{"line":54,"column":37}},"line":49}},"branchMap":{},"s":{"0":1,"1":1,"2":0,"3":0,"4":0,"5":0,"6":0,"7":0,"8":0,"9":0,"10":0,"11":0,"12":0},"f":{"0":1,"1":0,"2":0,"3":0},"b":{},"_coverageSchema":"1a1c01bbd47fc00a2c39e90264f33305004495a9","hash":"91d1fb54ccc2bd37bd78061e60b30e422c94b416"}
,"C:\\Users\\erikn\\dbwebb-kurser\\Spark-Project\\Spark-webapp\\react_native\\components\\panels\\StationPanel.tsx": {"path":"C:\\Users\\erikn\\dbwebb-kurser\\Spark-Project\\Spark-webapp\\react_native\\components\\panels\\StationPanel.tsx","statementMap":{"0":{"start":{"line":34,"column":8},"end":{"line":34,"column":21}},"1":{"start":{"line":35,"column":8},"end":{"line":38,"column":10}},"2":{"start":{"line":42,"column":8},"end":{"line":42,"column":39}},"3":{"start":{"line":46,"column":8},"end":{"line":46,"column":39}},"4":{"start":{"line":49,"column":30},"end":{"line":64,"column":5}},"5":{"start":{"line":50,"column":33},"end":{"line":50,"column":66}},"6":{"start":{"line":51,"column":40},"end":{"line":53,"column":10}},"7":{"start":{"line":52,"column":12},"end":{"line":52,"column":71}},"8":{"start":{"line":55,"column":8},"end":{"line":63,"column":10}},"9":{"start":{"line":76,"column":27},"end":{"line":76,"column":37}},"10":{"start":{"line":78,"column":20},"end":{"line":78,"column":62}},"11":{"start":{"line":79,"column":21},"end":{"line":79,"column":63}},"12":{"start":{"line":81,"column":35},"end":{"line":84,"column":9}},"13":{"start":{"line":87,"column":8},"end":{"line":159,"column":10}},"14":{"start":{"line":99,"column":32},"end":{"line":103,"column":35}},"15":{"start":{"line":127,"column":57},"end":{"line":127,"column":116}},"16":{"start":{"line":128,"column":32},"end":{"line":130,"column":35}},"17":{"start":{"line":131,"column":32},"end":{"line":131,"column":67}},"18":{"start":{"line":132,"column":32},"end":{"line":132,"column":47}},"19":{"start":{"line":133,"column":32},"end":{"line":133,"column":58}},"20":{"start":{"line":149,"column":32},"end":{"line":149,"column":53}},"21":{"start":{"line":150,"column":32},"end":{"line":150,"column":47}},"22":{"start":{"line":151,"column":32},"end":{"line":151,"column":58}},"23":{"start":{"line":152,"column":32},"end":{"line":152,"column":46}}},"fnMap":{"0":{"name":"(anonymous_0)","decl":{"start":{"line":33,"column":4},"end":{"line":33,"column":5}},"loc":{"start":{"line":33,"column":28},"end":{"line":39,"column":5}},"line":33},"1":{"name":"(anonymous_1)","decl":{"start":{"line":41,"column":4},"end":{"line":41,"column":5}},"loc":{"start":{"line":41,"column":24},"end":{"line":43,"column":5}},"line":41},"2":{"name":"(anonymous_2)","decl":{"start":{"line":45,"column":4},"end":{"line":45,"column":5}},"loc":{"start":{"line":45,"column":25},"end":{"line":47,"column":5}},"line":45},"3":{"name":"(anonymous_3)","decl":{"start":{"line":49,"column":30},"end":{"line":49,"column":31}},"loc":{"start":{"line":49,"column":42},"end":{"line":64,"column":5}},"line":49},"4":{"name":"(anonymous_4)","decl":{"start":{"line":51,"column":64},"end":{"line":51,"column":65}},"loc":{"start":{"line":51,"column":71},"end":{"line":53,"column":9}},"line":51},"5":{"name":"(anonymous_5)","decl":{"start":{"line":67,"column":4},"end":{"line":67,"column":5}},"loc":{"start":{"line":67,"column":13},"end":{"line":160,"column":5}},"line":67},"6":{"name":"(anonymous_6)","decl":{"start":{"line":98,"column":37},"end":{"line":98,"column":38}},"loc":{"start":{"line":98,"column":43},"end":{"line":104,"column":29}},"line":98},"7":{"name":"(anonymous_7)","decl":{"start":{"line":126,"column":37},"end":{"line":126,"column":38}},"loc":{"start":{"line":126,"column":49},"end":{"line":134,"column":29}},"line":126},"8":{"name":"(anonymous_8)","decl":{"start":{"line":148,"column":37},"end":{"line":148,"column":38}},"loc":{"start":{"line":148,"column":43},"end":{"line":153,"column":29}},"line":148}},"branchMap":{"0":{"loc":{"start":{"line":52,"column":19},"end":{"line":52,"column":70}},"type":"binary-expr","locations":[{"start":{"line":52,"column":19},"end":{"line":52,"column":52}},{"start":{"line":52,"column":56},"end":{"line":52,"column":70}}],"line":52},"1":{"loc":{"start":{"line":94,"column":20},"end":{"line":112,"column":27}},"type":"binary-expr","locations":[{"start":{"line":94,"column":20},"end":{"line":94,"column":40}},{"start":{"line":94,"column":44},"end":{"line":94,"column":68}},{"start":{"line":94,"column":72},"end":{"line":94,"column":101}},{"start":{"line":95,"column":20},"end":{"line":112,"column":27}}],"line":94},"2":{"loc":{"start":{"line":115,"column":20},"end":{"line":137,"column":39}},"type":"binary-expr","locations":[{"start":{"line":115,"column":22},"end":{"line":115,"column":41}},{"start":{"line":116,"column":20},"end":{"line":116,"column":47}},{"start":{"line":117,"column":21},"end":{"line":117,"column":40}},{"start":{"line":118,"column":20},"end":{"line":118,"column":38}},{"start":{"line":119,"column":20},"end":{"line":119,"column":55}},{"start":{"line":120,"column":20},"end":{"line":120,"column":57}},{"start":{"line":124,"column":20},"end":{"line":137,"column":39}}],"line":115},"3":{"loc":{"start":{"line":140,"column":20},"end":{"line":156,"column":39}},"type":"binary-expr","locations":[{"start":{"line":140,"column":20},"end":{"line":140,"column":39}},{"start":{"line":141,"column":20},"end":{"line":141,"column":38}},{"start":{"line":142,"column":20},"end":{"line":142,"column":55}},{"start":{"line":143,"column":20},"end":{"line":143,"column":57}},{"start":{"line":146,"column":20},"end":{"line":156,"column":39}}],"line":140}},"s":{"0":3,"1":3,"2":3,"3":0,"4":3,"5":3,"6":3,"7":0,"8":0,"9":3,"10":3,"11":3,"12":3,"13":3,"14":0,"15":0,"16":0,"17":0,"18":0,"19":0,"20":0,"21":0,"22":0,"23":0},"f":{"0":3,"1":3,"2":0,"3":3,"4":0,"5":3,"6":0,"7":0,"8":0},"b":{"0":[0,0],"1":[3,1,1,0],"2":[3,2,2,1,1,1,2],"3":[3,2,1,0,0]},"_coverageSchema":"1a1c01bbd47fc00a2c39e90264f33305004495a9","hash":"6287869d71a279473a942c729298665dcaa2c0cd"}
,"C:\\Users\\erikn\\dbwebb-kurser\\Spark-Project\\Spark-webapp\\react_native\\components\\polyline\\Polyline.tsx": {"path":"C:\\Users\\erikn\\dbwebb-kurser\\Spark-Project\\Spark-webapp\\react_native\\components\\polyline\\Polyline.tsx","statementMap":{"0":{"start":{"line":12,"column":32},"end":{"line":12,"column":42}},"1":{"start":{"line":14,"column":8},"end":{"line":20,"column":10}}},"fnMap":{"0":{"name":"(anonymous_0)","decl":{"start":{"line":11,"column":4},"end":{"line":11,"column":5}},"loc":{"start":{"line":11,"column":13},"end":{"line":21,"column":5}},"line":11}},"branchMap":{},"s":{"0":1,"1":1},"f":{"0":1},"b":{},"_coverageSchema":"1a1c01bbd47fc00a2c39e90264f33305004495a9","hash":"3fdc79ba6f13276ac12fabed60b7976cb818c56f"}
,"C:\\Users\\erikn\\dbwebb-kurser\\Spark-Project\\Spark-webapp\\react_native\\models\\mapModel.ts": {"path":"C:\\Users\\erikn\\dbwebb-kurser\\Spark-Project\\Spark-webapp\\react_native\\models\\mapModel.ts","statementMap":{"0":{"start":{"line":11,"column":18},"end":{"line":98,"column":1}},"1":{"start":{"line":13,"column":25},"end":{"line":13,"column":92}},"2":{"start":{"line":15,"column":23},"end":{"line":15,"column":44}},"3":{"start":{"line":17,"column":25},"end":{"line":17,"column":36}},"4":{"start":{"line":19,"column":8},"end":{"line":19,"column":24}},"5":{"start":{"line":27,"column":25},"end":{"line":27,"column":45}},"6":{"start":{"line":28,"column":26},"end":{"line":28,"column":47}},"7":{"start":{"line":29,"column":23},"end":{"line":29,"column":53}},"8":{"start":{"line":31,"column":25},"end":{"line":31,"column":124}},"9":{"start":{"line":33,"column":23},"end":{"line":33,"column":44}},"10":{"start":{"line":35,"column":22},"end":{"line":35,"column":33}},"11":{"start":{"line":37,"column":8},"end":{"line":37,"column":21}},"12":{"start":{"line":40,"column":25},"end":{"line":40,"column":89}},"13":{"start":{"line":42,"column":23},"end":{"line":42,"column":44}},"14":{"start":{"line":44,"column":22},"end":{"line":44,"column":33}},"15":{"start":{"line":46,"column":8},"end":{"line":46,"column":21}},"16":{"start":{"line":49,"column":25},"end":{"line":49,"column":98}},"17":{"start":{"line":50,"column":23},"end":{"line":50,"column":44}},"18":{"start":{"line":52,"column":30},"end":{"line":52,"column":41}},"19":{"start":{"line":54,"column":8},"end":{"line":54,"column":29}},"20":{"start":{"line":57,"column":25},"end":{"line":57,"column":99}},"21":{"start":{"line":59,"column":23},"end":{"line":59,"column":44}},"22":{"start":{"line":61,"column":21},"end":{"line":61,"column":32}},"23":{"start":{"line":63,"column":8},"end":{"line":63,"column":23}},"24":{"start":{"line":66,"column":25},"end":{"line":66,"column":93}},"25":{"start":{"line":68,"column":23},"end":{"line":68,"column":44}},"26":{"start":{"line":70,"column":26},"end":{"line":70,"column":37}},"27":{"start":{"line":72,"column":8},"end":{"line":72,"column":25}},"28":{"start":{"line":76,"column":25},"end":{"line":76,"column":49}},"29":{"start":{"line":77,"column":26},"end":{"line":77,"column":51}},"30":{"start":{"line":78,"column":31},"end":{"line":78,"column":51}},"31":{"start":{"line":79,"column":32},"end":{"line":79,"column":53}},"32":{"start":{"line":81,"column":25},"end":{"line":81,"column":186}},"33":{"start":{"line":83,"column":23},"end":{"line":83,"column":44}},"34":{"start":{"line":85,"column":37},"end":{"line":85,"column":82}},"35":{"start":{"line":87,"column":36},"end":{"line":87,"column":38}},"36":{"start":{"line":89,"column":8},"end":{"line":94,"column":11}},"37":{"start":{"line":90,"column":12},"end":{"line":93,"column":15}},"38":{"start":{"line":96,"column":8},"end":{"line":96,"column":25}}},"fnMap":{"0":{"name":"getStations","decl":{"start":{"line":12,"column":32},"end":{"line":12,"column":43}},"loc":{"start":{"line":12,"column":46},"end":{"line":20,"column":5}},"line":12},"1":{"name":"getBikesInRadius","decl":{"start":{"line":21,"column":37},"end":{"line":21,"column":53}},"loc":{"start":{"line":21,"column":115},"end":{"line":38,"column":5}},"line":21},"2":{"name":"getBikes","decl":{"start":{"line":39,"column":29},"end":{"line":39,"column":37}},"loc":{"start":{"line":39,"column":57},"end":{"line":47,"column":5}},"line":39},"3":{"name":"getBikes","decl":{"start":{"line":48,"column":37},"end":{"line":48,"column":45}},"loc":{"start":{"line":48,"column":73},"end":{"line":55,"column":5}},"line":48},"4":{"name":"getBikes","decl":{"start":{"line":56,"column":28},"end":{"line":56,"column":36}},"loc":{"start":{"line":56,"column":68},"end":{"line":64,"column":5}},"line":56},"5":{"name":"getGeofences","decl":{"start":{"line":65,"column":33},"end":{"line":65,"column":45}},"loc":{"start":{"line":65,"column":48},"end":{"line":73,"column":5}},"line":65},"6":{"name":"getGeofences","decl":{"start":{"line":74,"column":29},"end":{"line":74,"column":41}},"loc":{"start":{"line":74,"column":94},"end":{"line":97,"column":5}},"line":74},"7":{"name":"(anonymous_7)","decl":{"start":{"line":89,"column":25},"end":{"line":89,"column":26}},"loc":{"start":{"line":89,"column":30},"end":{"line":94,"column":9}},"line":89}},"branchMap":{},"s":{"0":3,"1":0,"2":0,"3":0,"4":0,"5":2,"6":2,"7":2,"8":2,"9":0,"10":0,"11":0,"12":0,"13":0,"14":0,"15":0,"16":0,"17":0,"18":0,"19":0,"20":0,"21":0,"22":0,"23":0,"24":0,"25":0,"26":0,"27":0,"28":0,"29":0,"30":0,"31":0,"32":0,"33":0,"34":0,"35":0,"36":0,"37":0,"38":0},"f":{"0":0,"1":2,"2":0,"3":0,"4":0,"5":0,"6":0,"7":0},"b":{},"_coverageSchema":"1a1c01bbd47fc00a2c39e90264f33305004495a9","hash":"c4c56d5210b0a932159f7eb6833a5728ff8d5316"}
,"C:\\Users\\erikn\\dbwebb-kurser\\Spark-Project\\Spark-webapp\\react_native\\models\\priceModel.ts": {"path":"C:\\Users\\erikn\\dbwebb-kurser\\Spark-Project\\Spark-webapp\\react_native\\models\\priceModel.ts","statementMap":{"0":{"start":{"line":4,"column":19},"end":{"line":14,"column":1}},"1":{"start":{"line":6,"column":25},"end":{"line":6,"column":92}},"2":{"start":{"line":8,"column":23},"end":{"line":8,"column":44}},"3":{"start":{"line":10,"column":22},"end":{"line":10,"column":33}},"4":{"start":{"line":12,"column":8},"end":{"line":12,"column":24}}},"fnMap":{"0":{"name":"getPrice","decl":{"start":{"line":5,"column":29},"end":{"line":5,"column":37}},"loc":{"start":{"line":5,"column":40},"end":{"line":13,"column":5}},"line":5}},"branchMap":{},"s":{"0":5,"1":2,"2":0,"3":0,"4":0},"f":{"0":2},"b":{},"_coverageSchema":"1a1c01bbd47fc00a2c39e90264f33305004495a9","hash":"8e42f796337f288611b3ad98160bf8666ea5345e"}
,"C:\\Users\\erikn\\dbwebb-kurser\\Spark-Project\\Spark-webapp\\react_native\\models\\rentModel.ts": {"path":"C:\\Users\\erikn\\dbwebb-kurser\\Spark-Project\\Spark-webapp\\react_native\\models\\rentModel.ts","statementMap":{"0":{"start":{"line":6,"column":18},"end":{"line":78,"column":1}},"1":{"start":{"line":9,"column":21},"end":{"line":12,"column":9}},"2":{"start":{"line":16,"column":25},"end":{"line":22,"column":10}},"3":{"start":{"line":24,"column":23},"end":{"line":24,"column":38}},"4":{"start":{"line":26,"column":8},"end":{"line":26,"column":22}},"5":{"start":{"line":31,"column":25},"end":{"line":31,"column":96}},"6":{"start":{"line":33,"column":23},"end":{"line":33,"column":44}},"7":{"start":{"line":35,"column":22},"end":{"line":35,"column":33}},"8":{"start":{"line":37,"column":8},"end":{"line":37,"column":21}},"9":{"start":{"line":41,"column":25},"end":{"line":41,"column":98}},"10":{"start":{"line":43,"column":23},"end":{"line":43,"column":44}},"11":{"start":{"line":45,"column":28},"end":{"line":45,"column":39}},"12":{"start":{"line":47,"column":8},"end":{"line":47,"column":27}},"13":{"start":{"line":51,"column":29},"end":{"line":51,"column":57}},"14":{"start":{"line":53,"column":8},"end":{"line":74,"column":9}},"15":{"start":{"line":63,"column":36},"end":{"line":63,"column":73}},"16":{"start":{"line":64,"column":29},"end":{"line":69,"column":14}},"17":{"start":{"line":71,"column":27},"end":{"line":71,"column":48}},"18":{"start":{"line":73,"column":12},"end":{"line":73,"column":26}},"19":{"start":{"line":76,"column":8},"end":{"line":76,"column":33}}},"fnMap":{"0":{"name":"startRent","decl":{"start":{"line":7,"column":30},"end":{"line":7,"column":39}},"loc":{"start":{"line":7,"column":72},"end":{"line":27,"column":5}},"line":7},"1":{"name":"getRentOnUser","decl":{"start":{"line":28,"column":35},"end":{"line":28,"column":48}},"loc":{"start":{"line":28,"column":75},"end":{"line":38,"column":5}},"line":28},"2":{"name":"getOngoingRents","decl":{"start":{"line":39,"column":36},"end":{"line":39,"column":51}},"loc":{"start":{"line":39,"column":54},"end":{"line":48,"column":5}},"line":39},"3":{"name":"stopRent","decl":{"start":{"line":49,"column":29},"end":{"line":49,"column":37}},"loc":{"start":{"line":49,"column":40},"end":{"line":77,"column":5}},"line":49}},"branchMap":{"0":{"loc":{"start":{"line":53,"column":8},"end":{"line":74,"column":9}},"type":"if","locations":[{"start":{"line":53,"column":8},"end":{"line":74,"column":9}},{"start":{},"end":{}}],"line":53},"1":{"loc":{"start":{"line":53,"column":12},"end":{"line":53,"column":51}},"type":"binary-expr","locations":[{"start":{"line":53,"column":12},"end":{"line":53,"column":24}},{"start":{"line":53,"column":28},"end":{"line":53,"column":51}}],"line":53}},"s":{"0":4,"1":1,"2":1,"3":0,"4":0,"5":0,"6":0,"7":0,"8":0,"9":0,"10":0,"11":0,"12":0,"13":0,"14":0,"15":0,"16":0,"17":0,"18":0,"19":0},"f":{"0":1,"1":0,"2":0,"3":0},"b":{"0":[0,0],"1":[0,0]},"_coverageSchema":"1a1c01bbd47fc00a2c39e90264f33305004495a9","hash":"c5e135a3772a7faf75573a81de99c2d05ada0098"}
,"C:\\Users\\erikn\\dbwebb-kurser\\Spark-Project\\Spark-webapp\\react_native\\styles\\base.tsx": {"path":"C:\\Users\\erikn\\dbwebb-kurser\\Spark-Project\\Spark-webapp\\react_native\\styles\\base.tsx","statementMap":{"0":{"start":{"line":1,"column":20},"end":{"line":4,"column":1}},"1":{"start":{"line":6,"column":29},"end":{"line":11,"column":1}},"2":{"start":{"line":13,"column":23},"end":{"line":17,"column":1}},"3":{"start":{"line":19,"column":30},"end":{"line":23,"column":1}}},"fnMap":{},"branchMap":{},"s":{"0":12,"1":12,"2":12,"3":12},"f":{},"b":{},"_coverageSchema":"1a1c01bbd47fc00a2c39e90264f33305004495a9","hash":"08425b346787c50d1d1134483bd3504c4b748e8d"}
,"C:\\Users\\erikn\\dbwebb-kurser\\Spark-Project\\Spark-webapp\\react_native\\styles\\button.tsx": {"path":"C:\\Users\\erikn\\dbwebb-kurser\\Spark-Project\\Spark-webapp\\react_native\\styles\\button.tsx","statementMap":{"0":{"start":{"line":1,"column":22},"end":{"line":13,"column":1}},"1":{"start":{"line":15,"column":26},"end":{"line":27,"column":1}},"2":{"start":{"line":29,"column":40},"end":{"line":46,"column":1}},"3":{"start":{"line":48,"column":39},"end":{"line":51,"column":1}},"4":{"start":{"line":55,"column":26},"end":{"line":67,"column":1}},"5":{"start":{"line":69,"column":31},"end":{"line":87,"column":1}},"6":{"start":{"line":89,"column":42},"end":{"line":92,"column":1}},"7":{"start":{"line":95,"column":31},"end":{"line":99,"column":1}},"8":{"start":{"line":101,"column":26},"end":{"line":105,"column":1}},"9":{"start":{"line":107,"column":26},"end":{"line":119,"column":1}},"10":{"start":{"line":121,"column":30},"end":{"line":125,"column":1}}},"fnMap":{},"branchMap":{},"s":{"0":12,"1":12,"2":12,"3":12,"4":12,"5":12,"6":12,"7":12,"8":12,"9":12,"10":12},"f":{},"b":{},"_coverageSchema":"1a1c01bbd47fc00a2c39e90264f33305004495a9","hash":"41b75e80490837dcc5fe5b2d6eadc41053ae3ebf"}
,"C:\\Users\\erikn\\dbwebb-kurser\\Spark-Project\\Spark-webapp\\react_native\\styles\\forms.tsx": {"path":"C:\\Users\\erikn\\dbwebb-kurser\\Spark-Project\\Spark-webapp\\react_native\\styles\\forms.tsx","statementMap":{"0":{"start":{"line":1,"column":21},"end":{"line":10,"column":1}}},"fnMap":{},"branchMap":{},"s":{"0":12},"f":{},"b":{},"_coverageSchema":"1a1c01bbd47fc00a2c39e90264f33305004495a9","hash":"678486da0dbc48cc3b2c7b691bf3176dc8944bab"}
,"C:\\Users\\erikn\\dbwebb-kurser\\Spark-Project\\Spark-webapp\\react_native\\styles\\image.tsx": {"path":"C:\\Users\\erikn\\dbwebb-kurser\\Spark-Project\\Spark-webapp\\react_native\\styles\\image.tsx","statementMap":{"0":{"start":{"line":1,"column":19},"end":{"line":4,"column":1}},"1":{"start":{"line":6,"column":24},"end":{"line":9,"column":1}},"2":{"start":{"line":11,"column":30},"end":{"line":14,"column":1}},"3":{"start":{"line":16,"column":20},"end":{"line":20,"column":1}}},"fnMap":{},"branchMap":{},"s":{"0":12,"1":12,"2":12,"3":12},"f":{},"b":{},"_coverageSchema":"1a1c01bbd47fc00a2c39e90264f33305004495a9","hash":"1c4c8b32c6d042761d59760cc2153b6258789424"}
,"C:\\Users\\erikn\\dbwebb-kurser\\Spark-Project\\Spark-webapp\\react_native\\styles\\index.js": {"path":"C:\\Users\\erikn\\dbwebb-kurser\\Spark-Project\\Spark-webapp\\react_native\\styles\\index.js","statementMap":{},"fnMap":{},"branchMap":{},"s":{},"f":{},"b":{},"_coverageSchema":"1a1c01bbd47fc00a2c39e90264f33305004495a9","hash":"5ccee8d5f05fac71fbdcf5598a83634a63301d24"}
,"C:\\Users\\erikn\\dbwebb-kurser\\Spark-Project\\Spark-webapp\\react_native\\styles\\map.tsx": {"path":"C:\\Users\\erikn\\dbwebb-kurser\\Spark-Project\\Spark-webapp\\react_native\\styles\\map.tsx","statementMap":{"0":{"start":{"line":1,"column":28},"end":{"line":4,"column":1}},"1":{"start":{"line":6,"column":19},"end":{"line":9,"column":1}},"2":{"start":{"line":11,"column":21},"end":{"line":21,"column":1}},"3":{"start":{"line":23,"column":25},"end":{"line":33,"column":1}},"4":{"start":{"line":35,"column":26},"end":{"line":38,"column":1}},"5":{"start":{"line":40,"column":25},"end":{"line":42,"column":1}},"6":{"start":{"line":44,"column":31},"end":{"line":47,"column":1}}},"fnMap":{},"branchMap":{},"s":{"0":12,"1":12,"2":12,"3":12,"4":12,"5":12,"6":12},"f":{},"b":{},"_coverageSchema":"1a1c01bbd47fc00a2c39e90264f33305004495a9","hash":"72384f0f3db4611c4016fb84659ca1ee5bc2f9c3"}
,"C:\\Users\\erikn\\dbwebb-kurser\\Spark-Project\\Spark-webapp\\react_native\\styles\\typography.tsx": {"path":"C:\\Users\\erikn\\dbwebb-kurser\\Spark-Project\\Spark-webapp\\react_native\\styles\\typography.tsx","statementMap":{"0":{"start":{"line":1,"column":21},"end":{"line":6,"column":1}},"1":{"start":{"line":8,"column":22},"end":{"line":13,"column":1}},"2":{"start":{"line":15,"column":24},"end":{"line":21,"column":1}},"3":{"start":{"line":23,"column":20},"end":{"line":25,"column":1}}},"fnMap":{},"branchMap":{},"s":{"0":12,"1":12,"2":12,"3":12},"f":{},"b":{},"_coverageSchema":"1a1c01bbd47fc00a2c39e90264f33305004495a9","hash":"732d10176735269617f09725f829d074aa9515b7"}
}
