{"C:\\Users\\erikn\\dbwebb-kurser\\Spark-Project\\Spark-webapp\\react_native\\assets\\Active.png": {"path":"C:\\Users\\erikn\\dbwebb-kurser\\Spark-Project\\Spark-webapp\\react_native\\assets\\Active.png","statementMap":{"0":{"start":{"line":1,"column":0},"end":{"line":1,"column":19}}},"fnMap":{},"branchMap":{},"s":{"0":1},"f":{},"b":{},"_coverageSchema":"1a1c01bbd47fc00a2c39e90264f33305004495a9","hash":"93eea1d742b01fdc3bcbe994ca6967365f1d3e24"}
,"C:\\Users\\erikn\\dbwebb-kurser\\Spark-Project\\Spark-webapp\\react_native\\assets\\Available.png": {"path":"C:\\Users\\erikn\\dbwebb-kurser\\Spark-Project\\Spark-webapp\\react_native\\assets\\Available.png","statementMap":{"0":{"start":{"line":1,"column":0},"end":{"line":1,"column":19}}},"fnMap":{},"branchMap":{},"s":{"0":1},"f":{},"b":{},"_coverageSchema":"1a1c01bbd47fc00a2c39e90264f33305004495a9","hash":"ae02b3d571c34c8a1cd72410a887a617e901abe8"}
,"C:\\Users\\erikn\\dbwebb-kurser\\Spark-Project\\Spark-webapp\\react_native\\components\\Map.tsx": {"path":"C:\\Users\\erikn\\dbwebb-kurser\\Spark-Project\\Spark-webapp\\react_native\\components\\Map.tsx","statementMap":{"0":{"start":{"line":55,"column":8},"end":{"line":55,"column":21}},"1":{"start":{"line":56,"column":8},"end":{"line":79,"column":10}},"2":{"start":{"line":85,"column":28},"end":{"line":87,"column":5}},"3":{"start":{"line":86,"column":8},"end":{"line":86,"column":38}},"4":{"start":{"line":89,"column":24},"end":{"line":91,"column":5}},"5":{"start":{"line":90,"column":8},"end":{"line":90,"column":36}},"6":{"start":{"line":93,"column":22},"end":{"line":95,"column":5}},"7":{"start":{"line":94,"column":8},"end":{"line":94,"column":48}},"8":{"start":{"line":100,"column":19},"end":{"line":104,"column":5}},"9":{"start":{"line":101,"column":8},"end":{"line":103,"column":11}},"10":{"start":{"line":106,"column":22},"end":{"line":110,"column":5}},"11":{"start":{"line":107,"column":8},"end":{"line":109,"column":11}},"12":{"start":{"line":112,"column":15},"end":{"line":116,"column":5}},"13":{"start":{"line":113,"column":8},"end":{"line":115,"column":10}},"14":{"start":{"line":118,"column":15},"end":{"line":122,"column":5}},"15":{"start":{"line":119,"column":8},"end":{"line":121,"column":11}},"16":{"start":{"line":124,"column":21},"end":{"line":129,"column":5}},"17":{"start":{"line":126,"column":8},"end":{"line":128,"column":11}},"18":{"start":{"line":131,"column":30},"end":{"line":135,"column":5}},"19":{"start":{"line":132,"column":8},"end":{"line":134,"column":11}},"20":{"start":{"line":137,"column":27},"end":{"line":141,"column":5}},"21":{"start":{"line":138,"column":8},"end":{"line":140,"column":11}},"22":{"start":{"line":146,"column":15},"end":{"line":160,"column":5}},"23":{"start":{"line":147,"column":8},"end":{"line":147,"column":35}},"24":{"start":{"line":148,"column":25},"end":{"line":148,"column":57}},"25":{"start":{"line":149,"column":20},"end":{"line":149,"column":21}},"26":{"start":{"line":150,"column":8},"end":{"line":153,"column":9}},"27":{"start":{"line":151,"column":32},"end":{"line":151,"column":61}},"28":{"start":{"line":152,"column":12},"end":{"line":152,"column":38}},"29":{"start":{"line":154,"column":8},"end":{"line":159,"column":11}},"30":{"start":{"line":164,"column":25},"end":{"line":190,"column":5}},"31":{"start":{"line":165,"column":28},"end":{"line":168,"column":9}},"32":{"start":{"line":169,"column":8},"end":{"line":187,"column":10}},"33":{"start":{"line":175,"column":20},"end":{"line":182,"column":23}},"34":{"start":{"line":179,"column":32},"end":{"line":179,"column":48}},"35":{"start":{"line":180,"column":32},"end":{"line":180,"column":64}},"36":{"start":{"line":183,"column":20},"end":{"line":183,"column":36}},"37":{"start":{"line":189,"column":8},"end":{"line":189,"column":39}},"38":{"start":{"line":194,"column":26},"end":{"line":204,"column":5}},"39":{"start":{"line":195,"column":8},"end":{"line":202,"column":11}},"40":{"start":{"line":199,"column":16},"end":{"line":199,"column":32}},"41":{"start":{"line":200,"column":16},"end":{"line":200,"column":48}},"42":{"start":{"line":203,"column":8},"end":{"line":203,"column":24}},"43":{"start":{"line":208,"column":15},"end":{"line":273,"column":5}},"44":{"start":{"line":211,"column":26},"end":{"line":214,"column":9}},"45":{"start":{"line":217,"column":44},"end":{"line":217,"column":48}},"46":{"start":{"line":222,"column":8},"end":{"line":234,"column":9}},"47":{"start":{"line":223,"column":34},"end":{"line":223,"column":59}},"48":{"start":{"line":225,"column":12},"end":{"line":233,"column":13}},"49":{"start":{"line":226,"column":39},"end":{"line":228,"column":18}},"50":{"start":{"line":227,"column":20},"end":{"line":227,"column":60}},"51":{"start":{"line":232,"column":16},"end":{"line":232,"column":62}},"52":{"start":{"line":238,"column":41},"end":{"line":238,"column":69}},"53":{"start":{"line":240,"column":8},"end":{"line":243,"column":9}},"54":{"start":{"line":242,"column":12},"end":{"line":242,"column":45}},"55":{"start":{"line":245,"column":8},"end":{"line":255,"column":9}},"56":{"start":{"line":246,"column":12},"end":{"line":254,"column":15}},"57":{"start":{"line":257,"column":8},"end":{"line":272,"column":9}},"58":{"start":{"line":258,"column":12},"end":{"line":271,"column":15}},"59":{"start":{"line":283,"column":8},"end":{"line":292,"column":10}},"60":{"start":{"line":287,"column":20},"end":{"line":287,"column":36}},"61":{"start":{"line":296,"column":27},"end":{"line":296,"column":77}},"62":{"start":{"line":297,"column":8},"end":{"line":300,"column":9}},"63":{"start":{"line":299,"column":12},"end":{"line":299,"column":19}},"64":{"start":{"line":301,"column":32},"end":{"line":301,"column":74}},"65":{"start":{"line":304,"column":8},"end":{"line":306,"column":11}},"66":{"start":{"line":312,"column":8},"end":{"line":317,"column":11}},"67":{"start":{"line":321,"column":26},"end":{"line":321,"column":55}},"68":{"start":{"line":322,"column":8},"end":{"line":327,"column":10}},"69":{"start":{"line":331,"column":29},"end":{"line":331,"column":62}},"70":{"start":{"line":333,"column":8},"end":{"line":338,"column":9}},"71":{"start":{"line":334,"column":36},"end":{"line":334,"column":73}},"72":{"start":{"line":335,"column":27},"end":{"line":335,"column":51}},"73":{"start":{"line":336,"column":25},"end":{"line":336,"column":55}},"74":{"start":{"line":337,"column":12},"end":{"line":337,"column":42}},"75":{"start":{"line":349,"column":30},"end":{"line":354,"column":9}},"76":{"start":{"line":356,"column":8},"end":{"line":429,"column":15}},"77":{"start":{"line":364,"column":37},"end":{"line":364,"column":52}},"78":{"start":{"line":365,"column":32},"end":{"line":365,"column":42}},"79":{"start":{"line":366,"column":33},"end":{"line":366,"column":44}},"80":{"start":{"line":368,"column":20},"end":{"line":374,"column":23}},"81":{"start":{"line":379,"column":20},"end":{"line":415,"column":21}},"82":{"start":{"line":380,"column":24},"end":{"line":414,"column":25}},"83":{"start":{"line":381,"column":28},"end":{"line":399,"column":30}},"84":{"start":{"line":387,"column":36},"end":{"line":395,"column":43}},"85":{"start":{"line":401,"column":28},"end":{"line":409,"column":31}},"86":{"start":{"line":411,"column":28},"end":{"line":413,"column":30}}},"fnMap":{"0":{"name":"(anonymous_0)","decl":{"start":{"line":54,"column":4},"end":{"line":54,"column":5}},"loc":{"start":{"line":54,"column":48},"end":{"line":80,"column":5}},"line":54},"1":{"name":"(anonymous_1)","decl":{"start":{"line":85,"column":28},"end":{"line":85,"column":29}},"loc":{"start":{"line":85,"column":34},"end":{"line":87,"column":5}},"line":85},"2":{"name":"(anonymous_2)","decl":{"start":{"line":89,"column":24},"end":{"line":89,"column":25}},"loc":{"start":{"line":89,"column":30},"end":{"line":91,"column":5}},"line":89},"3":{"name":"(anonymous_3)","decl":{"start":{"line":93,"column":22},"end":{"line":93,"column":23}},"loc":{"start":{"line":93,"column":28},"end":{"line":95,"column":5}},"line":93},"4":{"name":"(anonymous_4)","decl":{"start":{"line":100,"column":19},"end":{"line":100,"column":20}},"loc":{"start":{"line":100,"column":52},"end":{"line":104,"column":5}},"line":100},"5":{"name":"(anonymous_5)","decl":{"start":{"line":106,"column":22},"end":{"line":106,"column":23}},"loc":{"start":{"line":106,"column":61},"end":{"line":110,"column":5}},"line":106},"6":{"name":"(anonymous_6)","decl":{"start":{"line":112,"column":15},"end":{"line":112,"column":16}},"loc":{"start":{"line":112,"column":47},"end":{"line":116,"column":5}},"line":112},"7":{"name":"(anonymous_7)","decl":{"start":{"line":118,"column":15},"end":{"line":118,"column":16}},"loc":{"start":{"line":118,"column":40},"end":{"line":122,"column":5}},"line":118},"8":{"name":"(anonymous_8)","decl":{"start":{"line":124,"column":21},"end":{"line":124,"column":22}},"loc":{"start":{"line":124,"column":53},"end":{"line":129,"column":5}},"line":124},"9":{"name":"(anonymous_9)","decl":{"start":{"line":131,"column":30},"end":{"line":131,"column":31}},"loc":{"start":{"line":131,"column":70},"end":{"line":135,"column":5}},"line":131},"10":{"name":"(anonymous_10)","decl":{"start":{"line":137,"column":27},"end":{"line":137,"column":28}},"loc":{"start":{"line":137,"column":64},"end":{"line":141,"column":5}},"line":137},"11":{"name":"(anonymous_11)","decl":{"start":{"line":146,"column":15},"end":{"line":146,"column":16}},"loc":{"start":{"line":146,"column":27},"end":{"line":160,"column":5}},"line":146},"12":{"name":"(anonymous_12)","decl":{"start":{"line":164,"column":25},"end":{"line":164,"column":26}},"loc":{"start":{"line":164,"column":41},"end":{"line":190,"column":5}},"line":164},"13":{"name":"(anonymous_13)","decl":{"start":{"line":174,"column":25},"end":{"line":174,"column":26}},"loc":{"start":{"line":174,"column":41},"end":{"line":184,"column":17}},"line":174},"14":{"name":"(anonymous_14)","decl":{"start":{"line":178,"column":37},"end":{"line":178,"column":38}},"loc":{"start":{"line":178,"column":49},"end":{"line":181,"column":29}},"line":178},"15":{"name":"(anonymous_15)","decl":{"start":{"line":194,"column":26},"end":{"line":194,"column":27}},"loc":{"start":{"line":194,"column":42},"end":{"line":204,"column":5}},"line":194},"16":{"name":"(anonymous_16)","decl":{"start":{"line":198,"column":25},"end":{"line":198,"column":26}},"loc":{"start":{"line":198,"column":37},"end":{"line":201,"column":13}},"line":198},"17":{"name":"(anonymous_17)","decl":{"start":{"line":208,"column":15},"end":{"line":208,"column":16}},"loc":{"start":{"line":208,"column":27},"end":{"line":273,"column":5}},"line":208},"18":{"name":"(anonymous_18)","decl":{"start":{"line":226,"column":60},"end":{"line":226,"column":61}},"loc":{"start":{"line":226,"column":67},"end":{"line":228,"column":17}},"line":226},"19":{"name":"(anonymous_19)","decl":{"start":{"line":279,"column":4},"end":{"line":279,"column":5}},"loc":{"start":{"line":279,"column":30},"end":{"line":339,"column":5}},"line":279},"20":{"name":"(anonymous_20)","decl":{"start":{"line":286,"column":25},"end":{"line":286,"column":26}},"loc":{"start":{"line":286,"column":31},"end":{"line":288,"column":17}},"line":286},"21":{"name":"(anonymous_21)","decl":{"start":{"line":343,"column":4},"end":{"line":343,"column":5}},"loc":{"start":{"line":343,"column":13},"end":{"line":430,"column":5}},"line":343},"22":{"name":"(anonymous_22)","decl":{"start":{"line":360,"column":32},"end":{"line":360,"column":33}},"loc":{"start":{"line":360,"column":39},"end":{"line":375,"column":17}},"line":360},"23":{"name":"(anonymous_23)","decl":{"start":{"line":376,"column":25},"end":{"line":376,"column":26}},"loc":{"start":{"line":376,"column":32},"end":{"line":416,"column":17}},"line":376},"24":{"name":"(anonymous_24)","decl":{"start":{"line":385,"column":45},"end":{"line":385,"column":46}},"loc":{"start":{"line":385,"column":51},"end":{"line":396,"column":37}},"line":385}},"branchMap":{"0":{"loc":{"start":{"line":150,"column":8},"end":{"line":153,"column":9}},"type":"if","locations":[{"start":{"line":150,"column":8},"end":{"line":153,"column":9}},{"start":{},"end":{}}],"line":150},"1":{"loc":{"start":{"line":222,"column":8},"end":{"line":234,"column":9}},"type":"if","locations":[{"start":{"line":222,"column":8},"end":{"line":234,"column":9}},{"start":{},"end":{}}],"line":222},"2":{"loc":{"start":{"line":225,"column":12},"end":{"line":233,"column":13}},"type":"if","locations":[{"start":{"line":225,"column":12},"end":{"line":233,"column":13}},{"start":{},"end":{}}],"line":225},"3":{"loc":{"start":{"line":227,"column":27},"end":{"line":227,"column":59}},"type":"binary-expr","locations":[{"start":{"line":227,"column":27},"end":{"line":227,"column":41}},{"start":{"line":227,"column":45},"end":{"line":227,"column":59}}],"line":227},"4":{"loc":{"start":{"line":240,"column":8},"end":{"line":243,"column":9}},"type":"if","locations":[{"start":{"line":240,"column":8},"end":{"line":243,"column":9}},{"start":{},"end":{}}],"line":240},"5":{"loc":{"start":{"line":245,"column":8},"end":{"line":255,"column":9}},"type":"if","locations":[{"start":{"line":245,"column":8},"end":{"line":255,"column":9}},{"start":{},"end":{}}],"line":245},"6":{"loc":{"start":{"line":257,"column":8},"end":{"line":272,"column":9}},"type":"if","locations":[{"start":{"line":257,"column":8},"end":{"line":272,"column":9}},{"start":{},"end":{}}],"line":257},"7":{"loc":{"start":{"line":297,"column":8},"end":{"line":300,"column":9}},"type":"if","locations":[{"start":{"line":297,"column":8},"end":{"line":300,"column":9}},{"start":{},"end":{}}],"line":297},"8":{"loc":{"start":{"line":333,"column":8},"end":{"line":338,"column":9}},"type":"if","locations":[{"start":{"line":333,"column":8},"end":{"line":338,"column":9}},{"start":{},"end":{}}],"line":333},"9":{"loc":{"start":{"line":333,"column":12},"end":{"line":333,"column":51}},"type":"binary-expr","locations":[{"start":{"line":333,"column":12},"end":{"line":333,"column":24}},{"start":{"line":333,"column":28},"end":{"line":333,"column":51}}],"line":333},"10":{"loc":{"start":{"line":379,"column":20},"end":{"line":415,"column":21}},"type":"if","locations":[{"start":{"line":379,"column":20},"end":{"line":415,"column":21}},{"start":{},"end":{}}],"line":379},"11":{"loc":{"start":{"line":380,"column":24},"end":{"line":414,"column":25}},"type":"if","locations":[{"start":{"line":380,"column":24},"end":{"line":414,"column":25}},{"start":{"line":410,"column":31},"end":{"line":414,"column":25}}],"line":380},"12":{"loc":{"start":{"line":380,"column":28},"end":{"line":380,"column":79}},"type":"binary-expr","locations":[{"start":{"line":380,"column":28},"end":{"line":380,"column":51}},{"start":{"line":380,"column":55},"end":{"line":380,"column":79}}],"line":380}},"s":{"0":2,"1":2,"2":2,"3":0,"4":2,"5":1,"6":2,"7":0,"8":2,"9":1,"10":2,"11":1,"12":2,"13":1,"14":2,"15":1,"16":2,"17":1,"18":2,"19":0,"20":2,"21":0,"22":2,"23":0,"24":0,"25":0,"26":0,"27":0,"28":0,"29":0,"30":2,"31":0,"32":0,"33":0,"34":0,"35":0,"36":0,"37":0,"38":2,"39":0,"40":0,"41":0,"42":0,"43":2,"44":0,"45":0,"46":0,"47":0,"48":0,"49":0,"50":0,"51":0,"52":0,"53":0,"54":0,"55":0,"56":0,"57":0,"58":0,"59":2,"60":0,"61":2,"62":0,"63":0,"64":0,"65":0,"66":0,"67":0,"68":0,"69":0,"70":0,"71":0,"72":0,"73":0,"74":0,"75":9,"76":9,"77":0,"78":0,"79":0,"80":0,"81":0,"82":0,"83":0,"84":0,"85":0,"86":0},"f":{"0":2,"1":0,"2":1,"3":0,"4":1,"5":1,"6":1,"7":1,"8":1,"9":0,"10":0,"11":0,"12":0,"13":0,"14":0,"15":0,"16":0,"17":0,"18":0,"19":2,"20":0,"21":9,"22":0,"23":0,"24":0},"b":{"0":[0,0],"1":[0,0],"2":[0,0],"3":[0,0],"4":[0,0],"5":[0,0],"6":[0,0],"7":[0,0],"8":[0,0],"9":[0,0],"10":[0,0],"11":[0,0],"12":[0,0]},"_coverageSchema":"1a1c01bbd47fc00a2c39e90264f33305004495a9","hash":"7a844387c1482b78a45e01079f95eb305bfdae03"}
,"C:\\Users\\erikn\\dbwebb-kurser\\Spark-Project\\Spark-webapp\\react_native\\components\\geofences\\Geofence.tsx": {"path":"C:\\Users\\erikn\\dbwebb-kurser\\Spark-Project\\Spark-webapp\\react_native\\components\\geofences\\Geofence.tsx","statementMap":{"0":{"start":{"line":15,"column":61},"end":{"line":15,"column":71}},"1":{"start":{"line":17,"column":51},"end":{"line":17,"column":53}},"2":{"start":{"line":19,"column":8},"end":{"line":24,"column":10}},"3":{"start":{"line":20,"column":12},"end":{"line":23,"column":14}},"4":{"start":{"line":26,"column":8},"end":{"line":44,"column":10}},"5":{"start":{"line":38,"column":20},"end":{"line":40,"column":27}},"6":{"start":{"line":39,"column":24},"end":{"line":39,"column":34}}},"fnMap":{"0":{"name":"(anonymous_0)","decl":{"start":{"line":14,"column":4},"end":{"line":14,"column":5}},"loc":{"start":{"line":14,"column":13},"end":{"line":45,"column":5}},"line":14},"1":{"name":"(anonymous_1)","decl":{"start":{"line":19,"column":28},"end":{"line":19,"column":29}},"loc":{"start":{"line":19,"column":35},"end":{"line":24,"column":9}},"line":19},"2":{"name":"(anonymous_2)","decl":{"start":{"line":34,"column":25},"end":{"line":34,"column":26}},"loc":{"start":{"line":34,"column":31},"end":{"line":42,"column":17}},"line":34},"3":{"name":"(anonymous_3)","decl":{"start":{"line":38,"column":31},"end":{"line":38,"column":32}},"loc":{"start":{"line":38,"column":43},"end":{"line":40,"column":21}},"line":38}},"branchMap":{},"s":{"0":4,"1":4,"2":4,"3":8,"4":4,"5":0,"6":0},"f":{"0":4,"1":8,"2":0,"3":0},"b":{},"_coverageSchema":"1a1c01bbd47fc00a2c39e90264f33305004495a9","hash":"7a13d2bf5f1fc02a9f5252ecc9f4c2035571ccf0"}
,"C:\\Users\\erikn\\dbwebb-kurser\\Spark-Project\\Spark-webapp\\react_native\\components\\geofences\\GeofenceGroup.tsx": {"path":"C:\\Users\\erikn\\dbwebb-kurser\\Spark-Project\\Spark-webapp\\react_native\\components\\geofences\\GeofenceGroup.tsx","statementMap":{"0":{"start":{"line":21,"column":20},"end":{"line":85,"column":5}},"1":{"start":{"line":23,"column":8},"end":{"line":84,"column":10}},"2":{"start":{"line":24,"column":32},"end":{"line":24,"column":57}},"3":{"start":{"line":25,"column":25},"end":{"line":25,"column":31}},"4":{"start":{"line":26,"column":25},"end":{"line":26,"column":31}},"5":{"start":{"line":28,"column":12},"end":{"line":41,"column":13}},"6":{"start":{"line":29,"column":16},"end":{"line":40,"column":18}},"7":{"start":{"line":35,"column":24},"end":{"line":38,"column":27}},"8":{"start":{"line":42,"column":12},"end":{"line":55,"column":13}},"9":{"start":{"line":43,"column":16},"end":{"line":54,"column":18}},"10":{"start":{"line":49,"column":24},"end":{"line":52,"column":27}},"11":{"start":{"line":56,"column":12},"end":{"line":69,"column":13}},"12":{"start":{"line":57,"column":16},"end":{"line":68,"column":18}},"13":{"start":{"line":63,"column":24},"end":{"line":66,"column":27}},"14":{"start":{"line":70,"column":12},"end":{"line":83,"column":13}},"15":{"start":{"line":71,"column":16},"end":{"line":82,"column":18}},"16":{"start":{"line":77,"column":24},"end":{"line":80,"column":27}},"17":{"start":{"line":89,"column":40},"end":{"line":89,"column":50}},"18":{"start":{"line":91,"column":30},"end":{"line":91,"column":69}},"19":{"start":{"line":93,"column":8},"end":{"line":97,"column":10}}},"fnMap":{"0":{"name":"(anonymous_0)","decl":{"start":{"line":21,"column":20},"end":{"line":21,"column":21}},"loc":{"start":{"line":22,"column":23},"end":{"line":85,"column":5}},"line":22},"1":{"name":"(anonymous_1)","decl":{"start":{"line":23,"column":29},"end":{"line":23,"column":30}},"loc":{"start":{"line":23,"column":51},"end":{"line":84,"column":9}},"line":23},"2":{"name":"(anonymous_2)","decl":{"start":{"line":34,"column":29},"end":{"line":34,"column":30}},"loc":{"start":{"line":34,"column":35},"end":{"line":39,"column":21}},"line":34},"3":{"name":"(anonymous_3)","decl":{"start":{"line":48,"column":29},"end":{"line":48,"column":30}},"loc":{"start":{"line":48,"column":35},"end":{"line":53,"column":21}},"line":48},"4":{"name":"(anonymous_4)","decl":{"start":{"line":62,"column":29},"end":{"line":62,"column":30}},"loc":{"start":{"line":62,"column":35},"end":{"line":67,"column":21}},"line":62},"5":{"name":"(anonymous_5)","decl":{"start":{"line":76,"column":29},"end":{"line":76,"column":30}},"loc":{"start":{"line":76,"column":35},"end":{"line":81,"column":21}},"line":76},"6":{"name":"(anonymous_6)","decl":{"start":{"line":87,"column":4},"end":{"line":87,"column":5}},"loc":{"start":{"line":87,"column":13},"end":{"line":98,"column":5}},"line":87}},"branchMap":{"0":{"loc":{"start":{"line":28,"column":12},"end":{"line":41,"column":13}},"type":"if","locations":[{"start":{"line":28,"column":12},"end":{"line":41,"column":13}},{"start":{},"end":{}}],"line":28},"1":{"loc":{"start":{"line":42,"column":12},"end":{"line":55,"column":13}},"type":"if","locations":[{"start":{"line":42,"column":12},"end":{"line":55,"column":13}},{"start":{},"end":{}}],"line":42},"2":{"loc":{"start":{"line":56,"column":12},"end":{"line":69,"column":13}},"type":"if","locations":[{"start":{"line":56,"column":12},"end":{"line":69,"column":13}},{"start":{},"end":{}}],"line":56},"3":{"loc":{"start":{"line":70,"column":12},"end":{"line":83,"column":13}},"type":"if","locations":[{"start":{"line":70,"column":12},"end":{"line":83,"column":13}},{"start":{},"end":{}}],"line":70}},"s":{"0":1,"1":1,"2":3,"3":3,"4":3,"5":3,"6":1,"7":0,"8":2,"9":1,"10":0,"11":1,"12":1,"13":0,"14":0,"15":0,"16":0,"17":1,"18":1,"19":1},"f":{"0":1,"1":3,"2":0,"3":0,"4":0,"5":0,"6":1},"b":{"0":[1,2],"1":[1,1],"2":[1,0],"3":[0,0]},"_coverageSchema":"1a1c01bbd47fc00a2c39e90264f33305004495a9","hash":"4cb56cca2ec7d14ebd5f08a73fa1887bae3ed6c5"}
,"C:\\Users\\erikn\\dbwebb-kurser\\Spark-Project\\Spark-webapp\\react_native\\components\\markers\\BikeMarkers.tsx": {"path":"C:\\Users\\erikn\\dbwebb-kurser\\Spark-Project\\Spark-webapp\\react_native\\components\\markers\\BikeMarkers.tsx","statementMap":{"0":{"start":{"line":25,"column":20},"end":{"line":76,"column":5}},"1":{"start":{"line":31,"column":8},"end":{"line":75,"column":10}},"2":{"start":{"line":33,"column":24},"end":{"line":33,"column":48}},"3":{"start":{"line":34,"column":25},"end":{"line":34,"column":49}},"4":{"start":{"line":36,"column":32},"end":{"line":39,"column":13}},"5":{"start":{"line":41,"column":12},"end":{"line":70,"column":13}},"6":{"start":{"line":45,"column":16},"end":{"line":69,"column":18}},"7":{"start":{"line":54,"column":24},"end":{"line":67,"column":28}},"8":{"start":{"line":73,"column":12},"end":{"line":73,"column":71}},"9":{"start":{"line":74,"column":12},"end":{"line":74,"column":23}},"10":{"start":{"line":80,"column":66},"end":{"line":80,"column":76}},"11":{"start":{"line":82,"column":28},"end":{"line":82,"column":93}},"12":{"start":{"line":84,"column":8},"end":{"line":88,"column":10}}},"fnMap":{"0":{"name":"(anonymous_0)","decl":{"start":{"line":25,"column":20},"end":{"line":25,"column":21}},"loc":{"start":{"line":30,"column":30},"end":{"line":76,"column":5}},"line":30},"1":{"name":"(anonymous_1)","decl":{"start":{"line":31,"column":25},"end":{"line":31,"column":26}},"loc":{"start":{"line":31,"column":53},"end":{"line":75,"column":9}},"line":31},"2":{"name":"(anonymous_2)","decl":{"start":{"line":53,"column":29},"end":{"line":53,"column":30}},"loc":{"start":{"line":53,"column":35},"end":{"line":68,"column":21}},"line":53},"3":{"name":"(anonymous_3)","decl":{"start":{"line":78,"column":4},"end":{"line":78,"column":5}},"loc":{"start":{"line":78,"column":13},"end":{"line":89,"column":5}},"line":78}},"branchMap":{"0":{"loc":{"start":{"line":41,"column":12},"end":{"line":70,"column":13}},"type":"if","locations":[{"start":{"line":41,"column":12},"end":{"line":70,"column":13}},{"start":{},"end":{}}],"line":41},"1":{"loc":{"start":{"line":41,"column":16},"end":{"line":44,"column":31}},"type":"binary-expr","locations":[{"start":{"line":41,"column":16},"end":{"line":41,"column":40}},{"start":{"line":42,"column":16},"end":{"line":42,"column":30}},{"start":{"line":43,"column":16},"end":{"line":43,"column":41}},{"start":{"line":44,"column":16},"end":{"line":44,"column":31}}],"line":41}},"s":{"0":2,"1":2,"2":4,"3":4,"4":4,"5":4,"6":3,"7":0,"8":1,"9":1,"10":2,"11":2,"12":2},"f":{"0":2,"1":4,"2":0,"3":2},"b":{"0":[3,1],"1":[4,4,3,3]},"_coverageSchema":"1a1c01bbd47fc00a2c39e90264f33305004495a9","hash":"2d97821bbd725088d6b903189f2f33b399f018bf"}
,"C:\\Users\\erikn\\dbwebb-kurser\\Spark-Project\\Spark-webapp\\react_native\\components\\markers\\CustomMarker.tsx": {"path":"C:\\Users\\erikn\\dbwebb-kurser\\Spark-Project\\Spark-webapp\\react_native\\components\\markers\\CustomMarker.tsx","statementMap":{"0":{"start":{"line":19,"column":64},"end":{"line":19,"column":74}},"1":{"start":{"line":20,"column":8},"end":{"line":32,"column":10}}},"fnMap":{"0":{"name":"(anonymous_0)","decl":{"start":{"line":17,"column":4},"end":{"line":17,"column":5}},"loc":{"start":{"line":17,"column":13},"end":{"line":33,"column":5}},"line":17}},"branchMap":{},"s":{"0":6,"1":6},"f":{"0":6},"b":{},"_coverageSchema":"1a1c01bbd47fc00a2c39e90264f33305004495a9","hash":"781afaf53b273fcd84beec2fb5bf025ea8b129a1"}
,"C:\\Users\\erikn\\dbwebb-kurser\\Spark-Project\\Spark-webapp\\react_native\\components\\markers\\CustomMarkerSmall.tsx": {"path":"C:\\Users\\erikn\\dbwebb-kurser\\Spark-Project\\Spark-webapp\\react_native\\components\\markers\\CustomMarkerSmall.tsx","statementMap":{"0":{"start":{"line":19,"column":64},"end":{"line":19,"column":74}},"1":{"start":{"line":20,"column":8},"end":{"line":31,"column":10}}},"fnMap":{"0":{"name":"(anonymous_0)","decl":{"start":{"line":17,"column":4},"end":{"line":17,"column":5}},"loc":{"start":{"line":17,"column":13},"end":{"line":32,"column":5}},"line":17}},"branchMap":{},"s":{"0":0,"1":0},"f":{"0":0},"b":{},"_coverageSchema":"1a1c01bbd47fc00a2c39e90264f33305004495a9","hash":"a3df8af2bf30e48a05f9eff7afdb9bb53db4b684"}
,"C:\\Users\\erikn\\dbwebb-kurser\\Spark-Project\\Spark-webapp\\react_native\\components\\markers\\RentedMarker.tsx": {"path":"C:\\Users\\erikn\\dbwebb-kurser\\Spark-Project\\Spark-webapp\\react_native\\components\\markers\\RentedMarker.tsx","statementMap":{"0":{"start":{"line":17,"column":25},"end":{"line":34,"column":5}},"1":{"start":{"line":18,"column":8},"end":{"line":33,"column":21}},"2":{"start":{"line":21,"column":29},"end":{"line":21,"column":43}},"3":{"start":{"line":39,"column":47},"end":{"line":39,"column":57}},"4":{"start":{"line":41,"column":29},"end":{"line":41,"column":80}},"5":{"start":{"line":43,"column":8},"end":{"line":47,"column":10}}},"fnMap":{"0":{"name":"(anonymous_0)","decl":{"start":{"line":17,"column":25},"end":{"line":17,"column":26}},"loc":{"start":{"line":17,"column":109},"end":{"line":34,"column":5}},"line":17},"1":{"name":"(anonymous_1)","decl":{"start":{"line":21,"column":21},"end":{"line":21,"column":22}},"loc":{"start":{"line":21,"column":27},"end":{"line":21,"column":45}},"line":21},"2":{"name":"(anonymous_2)","decl":{"start":{"line":38,"column":4},"end":{"line":38,"column":5}},"loc":{"start":{"line":38,"column":13},"end":{"line":48,"column":5}},"line":38}},"branchMap":{},"s":{"0":3,"1":3,"2":1,"3":3,"4":3,"5":3},"f":{"0":3,"1":1,"2":3},"b":{},"_coverageSchema":"1a1c01bbd47fc00a2c39e90264f33305004495a9","hash":"f5a53d4a833dd960ba31a164a2bf2041f4ce0245"}
,"C:\\Users\\erikn\\dbwebb-kurser\\Spark-Project\\Spark-webapp\\react_native\\components\\markers\\StationMarkers.tsx": {"path":"C:\\Users\\erikn\\dbwebb-kurser\\Spark-Project\\Spark-webapp\\react_native\\components\\markers\\StationMarkers.tsx","statementMap":{"0":{"start":{"line":31,"column":20},"end":{"line":95,"column":5}},"1":{"start":{"line":43,"column":8},"end":{"line":94,"column":10}},"2":{"start":{"line":45,"column":24},"end":{"line":45,"column":48}},"3":{"start":{"line":46,"column":25},"end":{"line":46,"column":49}},"4":{"start":{"line":48,"column":32},"end":{"line":51,"column":13}},"5":{"start":{"line":53,"column":12},"end":{"line":89,"column":13}},"6":{"start":{"line":57,"column":16},"end":{"line":88,"column":18}},"7":{"start":{"line":76,"column":24},"end":{"line":86,"column":28}},"8":{"start":{"line":92,"column":12},"end":{"line":92,"column":71}},"9":{"start":{"line":93,"column":12},"end":{"line":93,"column":23}},"10":{"start":{"line":107,"column":32},"end":{"line":107,"column":42}},"11":{"start":{"line":109,"column":31},"end":{"line":118,"column":28}},"12":{"start":{"line":120,"column":8},"end":{"line":124,"column":10}}},"fnMap":{"0":{"name":"(anonymous_0)","decl":{"start":{"line":31,"column":20},"end":{"line":31,"column":21}},"loc":{"start":{"line":42,"column":30},"end":{"line":95,"column":5}},"line":42},"1":{"name":"(anonymous_1)","decl":{"start":{"line":43,"column":28},"end":{"line":43,"column":29}},"loc":{"start":{"line":43,"column":59},"end":{"line":94,"column":9}},"line":43},"2":{"name":"(anonymous_2)","decl":{"start":{"line":62,"column":29},"end":{"line":62,"column":30}},"loc":{"start":{"line":62,"column":35},"end":{"line":87,"column":21}},"line":62},"3":{"name":"(anonymous_3)","decl":{"start":{"line":97,"column":4},"end":{"line":97,"column":5}},"loc":{"start":{"line":97,"column":13},"end":{"line":125,"column":5}},"line":97}},"branchMap":{"0":{"loc":{"start":{"line":53,"column":12},"end":{"line":89,"column":13}},"type":"if","locations":[{"start":{"line":53,"column":12},"end":{"line":89,"column":13}},{"start":{},"end":{}}],"line":53},"1":{"loc":{"start":{"line":53,"column":16},"end":{"line":56,"column":31}},"type":"binary-expr","locations":[{"start":{"line":53,"column":16},"end":{"line":53,"column":40}},{"start":{"line":54,"column":16},"end":{"line":54,"column":30}},{"start":{"line":55,"column":16},"end":{"line":55,"column":41}},{"start":{"line":56,"column":16},"end":{"line":56,"column":31}}],"line":53}},"s":{"0":0,"1":0,"2":0,"3":0,"4":0,"5":0,"6":0,"7":0,"8":0,"9":0,"10":0,"11":0,"12":0},"f":{"0":0,"1":0,"2":0,"3":0},"b":{"0":[0,0],"1":[0,0,0,0]},"_coverageSchema":"1a1c01bbd47fc00a2c39e90264f33305004495a9","hash":"aaab9530f9d9ac313b17dde57ca350b58a27aec1"}
,"C:\\Users\\erikn\\dbwebb-kurser\\Spark-Project\\Spark-webapp\\react_native\\components\\markers\\UserMarker.tsx": {"path":"C:\\Users\\erikn\\dbwebb-kurser\\Spark-Project\\Spark-webapp\\react_native\\components\\markers\\UserMarker.tsx","statementMap":{"0":{"start":{"line":12,"column":36},"end":{"line":12,"column":46}},"1":{"start":{"line":14,"column":8},"end":{"line":23,"column":10}}},"fnMap":{"0":{"name":"(anonymous_0)","decl":{"start":{"line":11,"column":4},"end":{"line":11,"column":5}},"loc":{"start":{"line":11,"column":13},"end":{"line":24,"column":5}},"line":11}},"branchMap":{},"s":{"0":0,"1":0},"f":{"0":0},"b":{},"_coverageSchema":"1a1c01bbd47fc00a2c39e90264f33305004495a9","hash":"12e4b9880b388aa32adcef377003bfa8b1c127dc"}
,"C:\\Users\\erikn\\dbwebb-kurser\\Spark-Project\\Spark-webapp\\react_native\\components\\panels\\BikePanel.tsx": {"path":"C:\\Users\\erikn\\dbwebb-kurser\\Spark-Project\\Spark-webapp\\react_native\\components\\panels\\BikePanel.tsx","statementMap":{"0":{"start":{"line":26,"column":8},"end":{"line":26,"column":21}},"1":{"start":{"line":27,"column":8},"end":{"line":32,"column":10}},"2":{"start":{"line":36,"column":8},"end":{"line":36,"column":28}},"3":{"start":{"line":39,"column":19},"end":{"line":49,"column":5}},"4":{"start":{"line":40,"column":24},"end":{"line":40,"column":51}},"5":{"start":{"line":42,"column":8},"end":{"line":48,"column":10}},"6":{"start":{"line":53,"column":55},"end":{"line":53,"column":65}},"7":{"start":{"line":55,"column":8},"end":{"line":55,"column":33}},"8":{"start":{"line":58,"column":8},"end":{"line":93,"column":10}},"9":{"start":{"line":67,"column":28},"end":{"line":67,"column":66}},"10":{"start":{"line":68,"column":28},"end":{"line":68,"column":53}},"11":{"start":{"line":69,"column":28},"end":{"line":71,"column":31}}},"fnMap":{"0":{"name":"(anonymous_0)","decl":{"start":{"line":25,"column":4},"end":{"line":25,"column":5}},"loc":{"start":{"line":25,"column":28},"end":{"line":33,"column":5}},"line":25},"1":{"name":"(anonymous_1)","decl":{"start":{"line":35,"column":4},"end":{"line":35,"column":5}},"loc":{"start":{"line":35,"column":24},"end":{"line":37,"column":5}},"line":35},"2":{"name":"(anonymous_2)","decl":{"start":{"line":39,"column":19},"end":{"line":39,"column":20}},"loc":{"start":{"line":39,"column":31},"end":{"line":49,"column":5}},"line":39},"3":{"name":"(anonymous_3)","decl":{"start":{"line":52,"column":4},"end":{"line":52,"column":5}},"loc":{"start":{"line":52,"column":13},"end":{"line":94,"column":5}},"line":52},"4":{"name":"(anonymous_4)","decl":{"start":{"line":66,"column":24},"end":{"line":66,"column":25}},"loc":{"start":{"line":66,"column":36},"end":{"line":72,"column":25}},"line":66}},"branchMap":{"0":{"loc":{"start":{"line":78,"column":20},"end":{"line":82,"column":27}},"type":"binary-expr","locations":[{"start":{"line":78,"column":20},"end":{"line":78,"column":50}},{"start":{"line":78,"column":54},"end":{"line":78,"column":71}},{"start":{"line":79,"column":20},"end":{"line":82,"column":27}}],"line":78},"1":{"loc":{"start":{"line":85,"column":20},"end":{"line":89,"column":27}},"type":"binary-expr","locations":[{"start":{"line":85,"column":20},"end":{"line":85,"column":50}},{"start":{"line":85,"column":54},"end":{"line":85,"column":72}},{"start":{"line":86,"column":20},"end":{"line":89,"column":27}}],"line":85}},"s":{"0":2,"1":2,"2":2,"3":2,"4":2,"5":0,"6":2,"7":2,"8":2,"9":1,"10":0,"11":0},"f":{"0":2,"1":2,"2":2,"3":2,"4":1},"b":{"0":[2,0,0],"1":[2,0,0]},"_coverageSchema":"1a1c01bbd47fc00a2c39e90264f33305004495a9","hash":"baa0d6a4250c8d49af086f3bec7a4cc5625277cc"}
,"C:\\Users\\erikn\\dbwebb-kurser\\Spark-Project\\Spark-webapp\\react_native\\components\\panels\\ChargBikeIcon.tsx": {"path":"C:\\Users\\erikn\\dbwebb-kurser\\Spark-Project\\Spark-webapp\\react_native\\components\\panels\\ChargBikeIcon.tsx","statementMap":{"0":{"start":{"line":19,"column":62},"end":{"line":19,"column":72}},"1":{"start":{"line":21,"column":8},"end":{"line":35,"column":10}},"2":{"start":{"line":25,"column":33},"end":{"line":25,"column":60}},"3":{"start":{"line":26,"column":20},"end":{"line":30,"column":23}}},"fnMap":{"0":{"name":"(anonymous_0)","decl":{"start":{"line":17,"column":4},"end":{"line":17,"column":5}},"loc":{"start":{"line":17,"column":13},"end":{"line":36,"column":5}},"line":17},"1":{"name":"(anonymous_1)","decl":{"start":{"line":24,"column":25},"end":{"line":24,"column":26}},"loc":{"start":{"line":24,"column":37},"end":{"line":31,"column":21}},"line":24}},"branchMap":{},"s":{"0":0,"1":0,"2":0,"3":0},"f":{"0":0,"1":0},"b":{},"_coverageSchema":"1a1c01bbd47fc00a2c39e90264f33305004495a9","hash":"2f52a40b448ccaa5c3be73ca1d52ed2b17a5c9f8"}
,"C:\\Users\\erikn\\dbwebb-kurser\\Spark-Project\\Spark-webapp\\react_native\\components\\panels\\ChargBikeIconPanel.tsx": {"path":"C:\\Users\\erikn\\dbwebb-kurser\\Spark-Project\\Spark-webapp\\react_native\\components\\panels\\ChargBikeIconPanel.tsx","statementMap":{"0":{"start":{"line":22,"column":34},"end":{"line":22,"column":44}},"1":{"start":{"line":24,"column":27},"end":{"line":32,"column":10}},"2":{"start":{"line":25,"column":12},"end":{"line":31,"column":14}},"3":{"start":{"line":34,"column":8},"end":{"line":42,"column":10}}},"fnMap":{"0":{"name":"(anonymous_0)","decl":{"start":{"line":20,"column":4},"end":{"line":20,"column":5}},"loc":{"start":{"line":20,"column":13},"end":{"line":43,"column":5}},"line":20},"1":{"name":"(anonymous_1)","decl":{"start":{"line":24,"column":45},"end":{"line":24,"column":46}},"loc":{"start":{"line":24,"column":59},"end":{"line":32,"column":9}},"line":24}},"branchMap":{},"s":{"0":0,"1":0,"2":0,"3":0},"f":{"0":0,"1":0},"b":{},"_coverageSchema":"1a1c01bbd47fc00a2c39e90264f33305004495a9","hash":"0bf19d29a3fe046d52965e3eb87b7baf07c467d4"}
,"C:\\Users\\erikn\\dbwebb-kurser\\Spark-Project\\Spark-webapp\\react_native\\components\\panels\\DestinationPanel.tsx": {"path":"C:\\Users\\erikn\\dbwebb-kurser\\Spark-Project\\Spark-webapp\\react_native\\components\\panels\\DestinationPanel.tsx","statementMap":{"0":{"start":{"line":10,"column":33},"end":{"line":10,"column":43}},"1":{"start":{"line":11,"column":8},"end":{"line":20,"column":10}}},"fnMap":{"0":{"name":"(anonymous_0)","decl":{"start":{"line":9,"column":4},"end":{"line":9,"column":5}},"loc":{"start":{"line":9,"column":13},"end":{"line":21,"column":5}},"line":9}},"branchMap":{},"s":{"0":1,"1":1},"f":{"0":1},"b":{},"_coverageSchema":"1a1c01bbd47fc00a2c39e90264f33305004495a9","hash":"0a1e8e64b96aae3d9d7e561a03062a14d970cc8e"}
,"C:\\Users\\erikn\\dbwebb-kurser\\Spark-Project\\Spark-webapp\\react_native\\components\\panels\\GeofencePanel.tsx": {"path":"C:\\Users\\erikn\\dbwebb-kurser\\Spark-Project\\Spark-webapp\\react_native\\components\\panels\\GeofencePanel.tsx","statementMap":{"0":{"start":{"line":9,"column":31},"end":{"line":9,"column":41}},"1":{"start":{"line":10,"column":8},"end":{"line":15,"column":10}}},"fnMap":{"0":{"name":"(anonymous_0)","decl":{"start":{"line":8,"column":4},"end":{"line":8,"column":5}},"loc":{"start":{"line":8,"column":13},"end":{"line":16,"column":5}},"line":8}},"branchMap":{},"s":{"0":1,"1":1},"f":{"0":1},"b":{},"_coverageSchema":"1a1c01bbd47fc00a2c39e90264f33305004495a9","hash":"27049e129364c96158a4d4d98515431d1c240524"}
,"C:\\Users\\erikn\\dbwebb-kurser\\Spark-Project\\Spark-webapp\\react_native\\components\\panels\\PricePanel.tsx": {"path":"C:\\Users\\erikn\\dbwebb-kurser\\Spark-Project\\Spark-webapp\\react_native\\components\\panels\\PricePanel.tsx","statementMap":{"0":{"start":{"line":9,"column":26},"end":{"line":9,"column":36}},"1":{"start":{"line":10,"column":8},"end":{"line":15,"column":10}}},"fnMap":{"0":{"name":"(anonymous_0)","decl":{"start":{"line":8,"column":4},"end":{"line":8,"column":5}},"loc":{"start":{"line":8,"column":13},"end":{"line":16,"column":5}},"line":8}},"branchMap":{},"s":{"0":1,"1":1},"f":{"0":1},"b":{},"_coverageSchema":"1a1c01bbd47fc00a2c39e90264f33305004495a9","hash":"694df476217b352b8e87cadf643df5728a540c75"}
,"C:\\Users\\erikn\\dbwebb-kurser\\Spark-Project\\Spark-webapp\\react_native\\components\\panels\\RentedPanel.tsx": {"path":"C:\\Users\\erikn\\dbwebb-kurser\\Spark-Project\\Spark-webapp\\react_native\\components\\panels\\RentedPanel.tsx","statementMap":{"0":{"start":{"line":23,"column":8},"end":{"line":23,"column":21}},"1":{"start":{"line":24,"column":8},"end":{"line":26,"column":10}},"2":{"start":{"line":30,"column":8},"end":{"line":30,"column":28}},"3":{"start":{"line":33,"column":19},"end":{"line":38,"column":5}},"4":{"start":{"line":34,"column":24},"end":{"line":34,"column":51}},"5":{"start":{"line":35,"column":8},"end":{"line":37,"column":10}},"6":{"start":{"line":43,"column":34},"end":{"line":43,"column":44}},"7":{"start":{"line":44,"column":8},"end":{"line":58,"column":10}},"8":{"start":{"line":51,"column":24},"end":{"line":51,"column":34}}},"fnMap":{"0":{"name":"(anonymous_0)","decl":{"start":{"line":22,"column":4},"end":{"line":22,"column":5}},"loc":{"start":{"line":22,"column":28},"end":{"line":27,"column":5}},"line":22},"1":{"name":"(anonymous_1)","decl":{"start":{"line":29,"column":4},"end":{"line":29,"column":5}},"loc":{"start":{"line":29,"column":24},"end":{"line":31,"column":5}},"line":29},"2":{"name":"(anonymous_2)","decl":{"start":{"line":33,"column":19},"end":{"line":33,"column":20}},"loc":{"start":{"line":33,"column":31},"end":{"line":38,"column":5}},"line":33},"3":{"name":"(anonymous_3)","decl":{"start":{"line":41,"column":4},"end":{"line":41,"column":5}},"loc":{"start":{"line":41,"column":13},"end":{"line":59,"column":5}},"line":41},"4":{"name":"(anonymous_4)","decl":{"start":{"line":50,"column":29},"end":{"line":50,"column":30}},"loc":{"start":{"line":50,"column":35},"end":{"line":52,"column":21}},"line":50}},"branchMap":{},"s":{"0":1,"1":1,"2":0,"3":1,"4":0,"5":0,"6":1,"7":1,"8":0},"f":{"0":1,"1":0,"2":0,"3":1,"4":0},"b":{},"_coverageSchema":"1a1c01bbd47fc00a2c39e90264f33305004495a9","hash":"33948d84fd56d4348528fa7129f5bdc8f438c691"}
,"C:\\Users\\erikn\\dbwebb-kurser\\Spark-Project\\Spark-webapp\\react_native\\components\\panels\\SetDestinationPanel.tsx": {"path":"C:\\Users\\erikn\\dbwebb-kurser\\Spark-Project\\Spark-webapp\\react_native\\components\\panels\\SetDestinationPanel.tsx","statementMap":{"0":{"start":{"line":32,"column":12},"end":{"line":32,"column":22}},"1":{"start":{"line":33,"column":8},"end":{"line":66,"column":10}},"2":{"start":{"line":39,"column":24},"end":{"line":39,"column":52}},"3":{"start":{"line":40,"column":49},"end":{"line":40,"column":102}},"4":{"start":{"line":41,"column":24},"end":{"line":43,"column":27}},"5":{"start":{"line":44,"column":24},"end":{"line":58,"column":27}},"6":{"start":{"line":48,"column":32},"end":{"line":55,"column":35}},"7":{"start":{"line":50,"column":40},"end":{"line":50,"column":55}},"8":{"start":{"line":51,"column":40},"end":{"line":51,"column":67}},"9":{"start":{"line":52,"column":40},"end":{"line":52,"column":61}},"10":{"start":{"line":53,"column":40},"end":{"line":53,"column":55}},"11":{"start":{"line":59,"column":24},"end":{"line":59,"column":39}},"12":{"start":{"line":60,"column":24},"end":{"line":60,"column":54}}},"fnMap":{"0":{"name":"(anonymous_0)","decl":{"start":{"line":23,"column":4},"end":{"line":23,"column":5}},"loc":{"start":{"line":23,"column":13},"end":{"line":67,"column":5}},"line":23},"1":{"name":"(anonymous_1)","decl":{"start":{"line":38,"column":29},"end":{"line":38,"column":30}},"loc":{"start":{"line":38,"column":41},"end":{"line":61,"column":21}},"line":38},"2":{"name":"(anonymous_2)","decl":{"start":{"line":47,"column":37},"end":{"line":47,"column":38}},"loc":{"start":{"line":47,"column":43},"end":{"line":56,"column":29}},"line":47},"3":{"name":"(anonymous_3)","decl":{"start":{"line":49,"column":51},"end":{"line":49,"column":52}},"loc":{"start":{"line":49,"column":57},"end":{"line":54,"column":37}},"line":49}},"branchMap":{},"s":{"0":1,"1":1,"2":0,"3":0,"4":0,"5":0,"6":0,"7":0,"8":0,"9":0,"10":0,"11":0,"12":0},"f":{"0":1,"1":0,"2":0,"3":0},"b":{},"_coverageSchema":"1a1c01bbd47fc00a2c39e90264f33305004495a9","hash":"91d1fb54ccc2bd37bd78061e60b30e422c94b416"}
,"C:\\Users\\erikn\\dbwebb-kurser\\Spark-Project\\Spark-webapp\\react_native\\components\\panels\\StationPanel.tsx": {"path":"C:\\Users\\erikn\\dbwebb-kurser\\Spark-Project\\Spark-webapp\\react_native\\components\\panels\\StationPanel.tsx","statementMap":{"0":{"start":{"line":34,"column":8},"end":{"line":34,"column":21}},"1":{"start":{"line":35,"column":8},"end":{"line":38,"column":10}},"2":{"start":{"line":42,"column":8},"end":{"line":42,"column":39}},"3":{"start":{"line":45,"column":30},"end":{"line":60,"column":5}},"4":{"start":{"line":46,"column":33},"end":{"line":46,"column":66}},"5":{"start":{"line":47,"column":40},"end":{"line":49,"column":10}},"6":{"start":{"line":48,"column":12},"end":{"line":48,"column":71}},"7":{"start":{"line":51,"column":8},"end":{"line":59,"column":10}},"8":{"start":{"line":72,"column":27},"end":{"line":72,"column":37}},"9":{"start":{"line":74,"column":20},"end":{"line":74,"column":62}},"10":{"start":{"line":75,"column":21},"end":{"line":75,"column":63}},"11":{"start":{"line":77,"column":35},"end":{"line":80,"column":9}},"12":{"start":{"line":83,"column":8},"end":{"line":152,"column":10}},"13":{"start":{"line":95,"column":32},"end":{"line":99,"column":35}},"14":{"start":{"line":120,"column":57},"end":{"line":120,"column":116}},"15":{"start":{"line":121,"column":32},"end":{"line":123,"column":35}},"16":{"start":{"line":124,"column":32},"end":{"line":124,"column":67}},"17":{"start":{"line":125,"column":32},"end":{"line":125,"column":47}},"18":{"start":{"line":126,"column":32},"end":{"line":126,"column":58}},"19":{"start":{"line":142,"column":32},"end":{"line":142,"column":53}},"20":{"start":{"line":143,"column":32},"end":{"line":143,"column":47}},"21":{"start":{"line":144,"column":32},"end":{"line":144,"column":58}},"22":{"start":{"line":145,"column":32},"end":{"line":145,"column":46}}},"fnMap":{"0":{"name":"(anonymous_0)","decl":{"start":{"line":33,"column":4},"end":{"line":33,"column":5}},"loc":{"start":{"line":33,"column":28},"end":{"line":39,"column":5}},"line":33},"1":{"name":"(anonymous_1)","decl":{"start":{"line":41,"column":4},"end":{"line":41,"column":5}},"loc":{"start":{"line":41,"column":24},"end":{"line":43,"column":5}},"line":41},"2":{"name":"(anonymous_2)","decl":{"start":{"line":45,"column":30},"end":{"line":45,"column":31}},"loc":{"start":{"line":45,"column":42},"end":{"line":60,"column":5}},"line":45},"3":{"name":"(anonymous_3)","decl":{"start":{"line":47,"column":64},"end":{"line":47,"column":65}},"loc":{"start":{"line":47,"column":71},"end":{"line":49,"column":9}},"line":47},"4":{"name":"(anonymous_4)","decl":{"start":{"line":63,"column":4},"end":{"line":63,"column":5}},"loc":{"start":{"line":63,"column":13},"end":{"line":153,"column":5}},"line":63},"5":{"name":"(anonymous_5)","decl":{"start":{"line":94,"column":37},"end":{"line":94,"column":38}},"loc":{"start":{"line":94,"column":43},"end":{"line":100,"column":29}},"line":94},"6":{"name":"(anonymous_6)","decl":{"start":{"line":119,"column":37},"end":{"line":119,"column":38}},"loc":{"start":{"line":119,"column":49},"end":{"line":127,"column":29}},"line":119},"7":{"name":"(anonymous_7)","decl":{"start":{"line":141,"column":37},"end":{"line":141,"column":38}},"loc":{"start":{"line":141,"column":43},"end":{"line":146,"column":29}},"line":141}},"branchMap":{"0":{"loc":{"start":{"line":48,"column":19},"end":{"line":48,"column":70}},"type":"binary-expr","locations":[{"start":{"line":48,"column":19},"end":{"line":48,"column":52}},{"start":{"line":48,"column":56},"end":{"line":48,"column":70}}],"line":48},"1":{"loc":{"start":{"line":90,"column":20},"end":{"line":105,"column":27}},"type":"binary-expr","locations":[{"start":{"line":90,"column":20},"end":{"line":90,"column":40}},{"start":{"line":90,"column":44},"end":{"line":90,"column":68}},{"start":{"line":91,"column":20},"end":{"line":105,"column":27}}],"line":90},"2":{"loc":{"start":{"line":108,"column":20},"end":{"line":130,"column":39}},"type":"binary-expr","locations":[{"start":{"line":108,"column":22},"end":{"line":108,"column":41}},{"start":{"line":109,"column":20},"end":{"line":109,"column":47}},{"start":{"line":110,"column":21},"end":{"line":110,"column":40}},{"start":{"line":111,"column":20},"end":{"line":111,"column":38}},{"start":{"line":112,"column":20},"end":{"line":112,"column":55}},{"start":{"line":113,"column":20},"end":{"line":113,"column":57}},{"start":{"line":117,"column":20},"end":{"line":130,"column":39}}],"line":108},"3":{"loc":{"start":{"line":133,"column":20},"end":{"line":149,"column":39}},"type":"binary-expr","locations":[{"start":{"line":133,"column":20},"end":{"line":133,"column":39}},{"start":{"line":134,"column":20},"end":{"line":134,"column":38}},{"start":{"line":135,"column":20},"end":{"line":135,"column":55}},{"start":{"line":136,"column":20},"end":{"line":136,"column":57}},{"start":{"line":139,"column":20},"end":{"line":149,"column":39}}],"line":133}},"s":{"0":3,"1":3,"2":3,"3":3,"4":3,"5":3,"6":0,"7":0,"8":3,"9":3,"10":3,"11":3,"12":3,"13":0,"14":0,"15":0,"16":0,"17":0,"18":0,"19":0,"20":0,"21":0,"22":0},"f":{"0":3,"1":3,"2":3,"3":0,"4":3,"5":0,"6":0,"7":0},"b":{"0":[0,0],"1":[3,1,1],"2":[3,2,2,1,1,1,2],"3":[3,2,1,0,0]},"_coverageSchema":"1a1c01bbd47fc00a2c39e90264f33305004495a9","hash":"a153096fde76d9dd8eed59426f8c40c3d196716f"}
,"C:\\Users\\erikn\\dbwebb-kurser\\Spark-Project\\Spark-webapp\\react_native\\components\\polyline\\Polyline.tsx": {"path":"C:\\Users\\erikn\\dbwebb-kurser\\Spark-Project\\Spark-webapp\\react_native\\components\\polyline\\Polyline.tsx","statementMap":{"0":{"start":{"line":12,"column":32},"end":{"line":12,"column":42}},"1":{"start":{"line":14,"column":8},"end":{"line":20,"column":10}}},"fnMap":{"0":{"name":"(anonymous_0)","decl":{"start":{"line":11,"column":4},"end":{"line":11,"column":5}},"loc":{"start":{"line":11,"column":13},"end":{"line":21,"column":5}},"line":11}},"branchMap":{},"s":{"0":1,"1":1},"f":{"0":1},"b":{},"_coverageSchema":"1a1c01bbd47fc00a2c39e90264f33305004495a9","hash":"3fdc79ba6f13276ac12fabed60b7976cb818c56f"}
,"C:\\Users\\erikn\\dbwebb-kurser\\Spark-Project\\Spark-webapp\\react_native\\models\\mapModel.ts": {"path":"C:\\Users\\erikn\\dbwebb-kurser\\Spark-Project\\Spark-webapp\\react_native\\models\\mapModel.ts","statementMap":{"0":{"start":{"line":11,"column":18},"end":{"line":118,"column":1}},"1":{"start":{"line":13,"column":25},"end":{"line":13,"column":75}},"2":{"start":{"line":15,"column":23},"end":{"line":15,"column":44}},"3":{"start":{"line":17,"column":25},"end":{"line":17,"column":36}},"4":{"start":{"line":19,"column":8},"end":{"line":19,"column":24}},"5":{"start":{"line":60,"column":25},"end":{"line":60,"column":72}},"6":{"start":{"line":62,"column":23},"end":{"line":62,"column":44}},"7":{"start":{"line":64,"column":22},"end":{"line":64,"column":33}},"8":{"start":{"line":66,"column":8},"end":{"line":66,"column":21}},"9":{"start":{"line":69,"column":25},"end":{"line":69,"column":81}},"10":{"start":{"line":70,"column":23},"end":{"line":70,"column":44}},"11":{"start":{"line":72,"column":30},"end":{"line":72,"column":41}},"12":{"start":{"line":74,"column":8},"end":{"line":74,"column":29}},"13":{"start":{"line":77,"column":25},"end":{"line":77,"column":82}},"14":{"start":{"line":79,"column":23},"end":{"line":79,"column":44}},"15":{"start":{"line":81,"column":21},"end":{"line":81,"column":32}},"16":{"start":{"line":83,"column":8},"end":{"line":83,"column":23}},"17":{"start":{"line":86,"column":25},"end":{"line":86,"column":76}},"18":{"start":{"line":88,"column":23},"end":{"line":88,"column":44}},"19":{"start":{"line":90,"column":26},"end":{"line":90,"column":37}},"20":{"start":{"line":92,"column":8},"end":{"line":92,"column":25}},"21":{"start":{"line":96,"column":25},"end":{"line":96,"column":49}},"22":{"start":{"line":97,"column":26},"end":{"line":97,"column":51}},"23":{"start":{"line":98,"column":31},"end":{"line":98,"column":51}},"24":{"start":{"line":99,"column":32},"end":{"line":99,"column":53}},"25":{"start":{"line":101,"column":25},"end":{"line":101,"column":186}},"26":{"start":{"line":103,"column":23},"end":{"line":103,"column":44}},"27":{"start":{"line":105,"column":37},"end":{"line":105,"column":82}},"28":{"start":{"line":107,"column":36},"end":{"line":107,"column":38}},"29":{"start":{"line":109,"column":8},"end":{"line":114,"column":11}},"30":{"start":{"line":110,"column":12},"end":{"line":113,"column":15}},"31":{"start":{"line":116,"column":8},"end":{"line":116,"column":25}}},"fnMap":{"0":{"name":"getStations","decl":{"start":{"line":12,"column":32},"end":{"line":12,"column":43}},"loc":{"start":{"line":12,"column":46},"end":{"line":20,"column":5}},"line":12},"1":{"name":"getBikesInRadius","decl":{"start":{"line":21,"column":37},"end":{"line":21,"column":53}},"loc":{"start":{"line":21,"column":98},"end":{"line":58,"column":5}},"line":21},"2":{"name":"getBikes","decl":{"start":{"line":59,"column":29},"end":{"line":59,"column":37}},"loc":{"start":{"line":59,"column":57},"end":{"line":67,"column":5}},"line":59},"3":{"name":"getBikes","decl":{"start":{"line":68,"column":37},"end":{"line":68,"column":45}},"loc":{"start":{"line":68,"column":73},"end":{"line":75,"column":5}},"line":68},"4":{"name":"getBikes","decl":{"start":{"line":76,"column":28},"end":{"line":76,"column":36}},"loc":{"start":{"line":76,"column":68},"end":{"line":84,"column":5}},"line":76},"5":{"name":"getGeofences","decl":{"start":{"line":85,"column":33},"end":{"line":85,"column":45}},"loc":{"start":{"line":85,"column":48},"end":{"line":93,"column":5}},"line":85},"6":{"name":"getGeofences","decl":{"start":{"line":94,"column":29},"end":{"line":94,"column":41}},"loc":{"start":{"line":94,"column":94},"end":{"line":117,"column":5}},"line":94},"7":{"name":"(anonymous_7)","decl":{"start":{"line":109,"column":25},"end":{"line":109,"column":26}},"loc":{"start":{"line":109,"column":30},"end":{"line":114,"column":9}},"line":109}},"branchMap":{},"s":{"0":3,"1":0,"2":0,"3":0,"4":0,"5":0,"6":0,"7":0,"8":0,"9":0,"10":0,"11":0,"12":0,"13":0,"14":0,"15":0,"16":0,"17":0,"18":0,"19":0,"20":0,"21":0,"22":0,"23":0,"24":0,"25":0,"26":0,"27":0,"28":0,"29":0,"30":0,"31":0},"f":{"0":0,"1":0,"2":0,"3":0,"4":0,"5":0,"6":0,"7":0},"b":{},"_coverageSchema":"1a1c01bbd47fc00a2c39e90264f33305004495a9","hash":"1d304fc92be9d30faab869abd61b32def4b12ec3"}
,"C:\\Users\\erikn\\dbwebb-kurser\\Spark-Project\\Spark-webapp\\react_native\\models\\priceModel.ts": {"path":"C:\\Users\\erikn\\dbwebb-kurser\\Spark-Project\\Spark-webapp\\react_native\\models\\priceModel.ts","statementMap":{"0":{"start":{"line":4,"column":19},"end":{"line":14,"column":1}},"1":{"start":{"line":6,"column":25},"end":{"line":6,"column":75}},"2":{"start":{"line":8,"column":23},"end":{"line":8,"column":44}},"3":{"start":{"line":10,"column":22},"end":{"line":10,"column":33}},"4":{"start":{"line":12,"column":8},"end":{"line":12,"column":24}}},"fnMap":{"0":{"name":"getPrice","decl":{"start":{"line":5,"column":29},"end":{"line":5,"column":37}},"loc":{"start":{"line":5,"column":40},"end":{"line":13,"column":5}},"line":5}},"branchMap":{},"s":{"0":5,"1":2,"2":0,"3":0,"4":0},"f":{"0":2},"b":{},"_coverageSchema":"1a1c01bbd47fc00a2c39e90264f33305004495a9","hash":"5ae35409034259f6832596c1b648c16768aba8b3"}
,"C:\\Users\\erikn\\dbwebb-kurser\\Spark-Project\\Spark-webapp\\react_native\\models\\rentModel.ts": {"path":"C:\\Users\\erikn\\dbwebb-kurser\\Spark-Project\\Spark-webapp\\react_native\\models\\rentModel.ts","statementMap":{"0":{"start":{"line":6,"column":18},"end":{"line":78,"column":1}},"1":{"start":{"line":9,"column":21},"end":{"line":12,"column":9}},"2":{"start":{"line":16,"column":25},"end":{"line":22,"column":10}},"3":{"start":{"line":24,"column":23},"end":{"line":24,"column":38}},"4":{"start":{"line":26,"column":8},"end":{"line":26,"column":22}},"5":{"start":{"line":31,"column":25},"end":{"line":31,"column":79}},"6":{"start":{"line":33,"column":23},"end":{"line":33,"column":44}},"7":{"start":{"line":35,"column":22},"end":{"line":35,"column":33}},"8":{"start":{"line":37,"column":8},"end":{"line":37,"column":21}},"9":{"start":{"line":41,"column":25},"end":{"line":41,"column":81}},"10":{"start":{"line":43,"column":23},"end":{"line":43,"column":44}},"11":{"start":{"line":45,"column":28},"end":{"line":45,"column":39}},"12":{"start":{"line":47,"column":8},"end":{"line":47,"column":27}},"13":{"start":{"line":51,"column":29},"end":{"line":51,"column":57}},"14":{"start":{"line":53,"column":8},"end":{"line":74,"column":9}},"15":{"start":{"line":63,"column":36},"end":{"line":63,"column":73}},"16":{"start":{"line":64,"column":29},"end":{"line":69,"column":14}},"17":{"start":{"line":71,"column":27},"end":{"line":71,"column":48}},"18":{"start":{"line":73,"column":12},"end":{"line":73,"column":26}},"19":{"start":{"line":76,"column":8},"end":{"line":76,"column":33}}},"fnMap":{"0":{"name":"startRent","decl":{"start":{"line":7,"column":30},"end":{"line":7,"column":39}},"loc":{"start":{"line":7,"column":72},"end":{"line":27,"column":5}},"line":7},"1":{"name":"getRentOnUser","decl":{"start":{"line":28,"column":35},"end":{"line":28,"column":48}},"loc":{"start":{"line":28,"column":75},"end":{"line":38,"column":5}},"line":28},"2":{"name":"getOngoingRents","decl":{"start":{"line":39,"column":36},"end":{"line":39,"column":51}},"loc":{"start":{"line":39,"column":54},"end":{"line":48,"column":5}},"line":39},"3":{"name":"stopRent","decl":{"start":{"line":49,"column":29},"end":{"line":49,"column":37}},"loc":{"start":{"line":49,"column":40},"end":{"line":77,"column":5}},"line":49}},"branchMap":{"0":{"loc":{"start":{"line":53,"column":8},"end":{"line":74,"column":9}},"type":"if","locations":[{"start":{"line":53,"column":8},"end":{"line":74,"column":9}},{"start":{},"end":{}}],"line":53},"1":{"loc":{"start":{"line":53,"column":12},"end":{"line":53,"column":51}},"type":"binary-expr","locations":[{"start":{"line":53,"column":12},"end":{"line":53,"column":24}},{"start":{"line":53,"column":28},"end":{"line":53,"column":51}}],"line":53}},"s":{"0":4,"1":1,"2":1,"3":0,"4":0,"5":0,"6":0,"7":0,"8":0,"9":0,"10":0,"11":0,"12":0,"13":0,"14":0,"15":0,"16":0,"17":0,"18":0,"19":0},"f":{"0":1,"1":0,"2":0,"3":0},"b":{"0":[0,0],"1":[0,0]},"_coverageSchema":"1a1c01bbd47fc00a2c39e90264f33305004495a9","hash":"53084fb680879e7c5668a2bd35478df6890b0e04"}
,"C:\\Users\\erikn\\dbwebb-kurser\\Spark-Project\\Spark-webapp\\react_native\\styles\\base.tsx": {"path":"C:\\Users\\erikn\\dbwebb-kurser\\Spark-Project\\Spark-webapp\\react_native\\styles\\base.tsx","statementMap":{"0":{"start":{"line":1,"column":20},"end":{"line":7,"column":1}},"1":{"start":{"line":9,"column":23},"end":{"line":13,"column":1}}},"fnMap":{},"branchMap":{},"s":{"0":12,"1":12},"f":{},"b":{},"_coverageSchema":"1a1c01bbd47fc00a2c39e90264f33305004495a9","hash":"d1c6f2e28747978baeaaf3b2185f51a96775958d"}
,"C:\\Users\\erikn\\dbwebb-kurser\\Spark-Project\\Spark-webapp\\react_native\\styles\\button.tsx": {"path":"C:\\Users\\erikn\\dbwebb-kurser\\Spark-Project\\Spark-webapp\\react_native\\styles\\button.tsx","statementMap":{"0":{"start":{"line":1,"column":22},"end":{"line":13,"column":1}},"1":{"start":{"line":15,"column":27},"end":{"line":27,"column":1}},"2":{"start":{"line":31,"column":26},"end":{"line":43,"column":1}},"3":{"start":{"line":45,"column":31},"end":{"line":58,"column":1}},"4":{"start":{"line":60,"column":26},"end":{"line":64,"column":1}},"5":{"start":{"line":66,"column":26},"end":{"line":75,"column":1}},"6":{"start":{"line":77,"column":30},"end":{"line":82,"column":1}}},"fnMap":{},"branchMap":{},"s":{"0":12,"1":12,"2":12,"3":12,"4":12,"5":12,"6":12},"f":{},"b":{},"_coverageSchema":"1a1c01bbd47fc00a2c39e90264f33305004495a9","hash":"1689ed1b4dc764163ca9666c26559a156b82dd5d"}
,"C:\\Users\\erikn\\dbwebb-kurser\\Spark-Project\\Spark-webapp\\react_native\\styles\\image.tsx": {"path":"C:\\Users\\erikn\\dbwebb-kurser\\Spark-Project\\Spark-webapp\\react_native\\styles\\image.tsx","statementMap":{"0":{"start":{"line":1,"column":19},"end":{"line":4,"column":1}},"1":{"start":{"line":6,"column":24},"end":{"line":9,"column":1}},"2":{"start":{"line":11,"column":30},"end":{"line":14,"column":1}}},"fnMap":{},"branchMap":{},"s":{"0":12,"1":12,"2":12},"f":{},"b":{},"_coverageSchema":"1a1c01bbd47fc00a2c39e90264f33305004495a9","hash":"2b06f5f41dafb7df742092a253414d4b3c696838"}
,"C:\\Users\\erikn\\dbwebb-kurser\\Spark-Project\\Spark-webapp\\react_native\\styles\\index.js": {"path":"C:\\Users\\erikn\\dbwebb-kurser\\Spark-Project\\Spark-webapp\\react_native\\styles\\index.js","statementMap":{},"fnMap":{},"branchMap":{},"s":{},"f":{},"b":{},"_coverageSchema":"1a1c01bbd47fc00a2c39e90264f33305004495a9","hash":"5ccee8d5f05fac71fbdcf5598a83634a63301d24"}
,"C:\\Users\\erikn\\dbwebb-kurser\\Spark-Project\\Spark-webapp\\react_native\\styles\\map.tsx": {"path":"C:\\Users\\erikn\\dbwebb-kurser\\Spark-Project\\Spark-webapp\\react_native\\styles\\map.tsx","statementMap":{"0":{"start":{"line":1,"column":28},"end":{"line":4,"column":1}},"1":{"start":{"line":6,"column":19},"end":{"line":9,"column":1}},"2":{"start":{"line":11,"column":21},"end":{"line":21,"column":1}},"3":{"start":{"line":23,"column":25},"end":{"line":33,"column":1}},"4":{"start":{"line":35,"column":26},"end":{"line":38,"column":1}},"5":{"start":{"line":40,"column":25},"end":{"line":42,"column":1}},"6":{"start":{"line":44,"column":31},"end":{"line":47,"column":1}}},"fnMap":{},"branchMap":{},"s":{"0":12,"1":12,"2":12,"3":12,"4":12,"5":12,"6":12},"f":{},"b":{},"_coverageSchema":"1a1c01bbd47fc00a2c39e90264f33305004495a9","hash":"72384f0f3db4611c4016fb84659ca1ee5bc2f9c3"}
,"C:\\Users\\erikn\\dbwebb-kurser\\Spark-Project\\Spark-webapp\\react_native\\styles\\typography.tsx": {"path":"C:\\Users\\erikn\\dbwebb-kurser\\Spark-Project\\Spark-webapp\\react_native\\styles\\typography.tsx","statementMap":{"0":{"start":{"line":1,"column":21},"end":{"line":6,"column":1}},"1":{"start":{"line":8,"column":22},"end":{"line":13,"column":1}},"2":{"start":{"line":15,"column":20},"end":{"line":17,"column":1}}},"fnMap":{},"branchMap":{},"s":{"0":12,"1":12,"2":12},"f":{},"b":{},"_coverageSchema":"1a1c01bbd47fc00a2c39e90264f33305004495a9","hash":"86a9131890d5479d19de57edbaef2cb783e257ca"}
}
