TN:
SF:assets\Active.png
FNF:0
FNH:0
DA:1,1
LF:1
LH:1
BRF:0
BRH:0
end_of_record
TN:
SF:assets\BatteryIcon.png
FNF:0
FNH:0
DA:1,2
LF:1
LH:1
BRF:0
BRH:0
end_of_record
TN:
SF:assets\logos\AvailableBikeLogo.png
FNF:0
FNH:0
DA:1,1
LF:1
LH:1
BRF:0
BRH:0
end_of_record
TN:
SF:assets\logos\DestinationLogo.png
FNF:0
FNH:0
DA:1,1
LF:1
LH:1
BRF:0
BRH:0
end_of_record
TN:
SF:assets\logos\PreDestinationLogo.png
FNF:0
FNH:0
DA:1,1
LF:1
LH:1
BRF:0
BRH:0
end_of_record
TN:
SF:assets\logos\RentedBikeLogo.png
FNF:0
FNH:0
DA:1,1
LF:1
LH:1
BRF:0
BRH:0
end_of_record
TN:
SF:assets\logos\StationLogo.png
FNF:0
FNH:0
DA:1,1
LF:1
LH:1
BRF:0
BRH:0
end_of_record
TN:
SF:assets\logos\ThankYouLogo.png
FNF:0
FNH:0
DA:1,1
LF:1
LH:1
BRF:0
BRH:0
end_of_record
TN:
SF:components\Map.tsx
FN:65,(anonymous_0)
FN:99,(anonymous_1)
FN:103,(anonymous_2)
FN:107,(anonymous_3)
FN:111,(anonymous_4)
FN:114,(anonymous_5)
FN:126,(anonymous_6)
FN:129,(anonymous_7)
FN:144,(anonymous_8)
FN:150,(anonymous_9)
FN:156,(anonymous_10)
FN:162,(anonymous_11)
FN:168,(anonymous_12)
FN:174,(anonymous_13)
FN:180,(anonymous_14)
FN:188,(anonymous_15)
FN:198,(anonymous_16)
FN:209,(anonymous_17)
FN:225,(anonymous_18)
FN:238,(anonymous_19)
FN:242,(anonymous_20)
FN:258,(anonymous_21)
FN:262,(anonymous_22)
FN:271,(anonymous_23)
FN:272,(anonymous_24)
FN:294,(anonymous_25)
FN:297,(anonymous_26)
FN:309,(anonymous_27)
FN:313,(anonymous_28)
FN:332,(anonymous_29)
FN:348,(anonymous_30)
FN:372,(anonymous_31)
FN:443,(anonymous_32)
FN:449,(anonymous_33)
FN:461,(anonymous_34)
FN:473,(anonymous_35)
FNF:36
FNH:11
FNDA:1,(anonymous_0)
FNDA:0,(anonymous_1)
FNDA:1,(anonymous_2)
FNDA:0,(anonymous_3)
FNDA:1,(anonymous_4)
FNDA:0,(anonymous_5)
FNDA:0,(anonymous_6)
FNDA:0,(anonymous_7)
FNDA:1,(anonymous_8)
FNDA:1,(anonymous_9)
FNDA:1,(anonymous_10)
FNDA:1,(anonymous_11)
FNDA:1,(anonymous_12)
FNDA:0,(anonymous_13)
FNDA:0,(anonymous_14)
FNDA:0,(anonymous_15)
FNDA:0,(anonymous_16)
FNDA:0,(anonymous_17)
FNDA:0,(anonymous_18)
FNDA:0,(anonymous_19)
FNDA:0,(anonymous_20)
FNDA:0,(anonymous_21)
FNDA:0,(anonymous_22)
FNDA:0,(anonymous_23)
FNDA:0,(anonymous_24)
FNDA:0,(anonymous_25)
FNDA:0,(anonymous_26)
FNDA:0,(anonymous_27)
FNDA:0,(anonymous_28)
FNDA:1,(anonymous_29)
FNDA:0,(anonymous_30)
FNDA:1,(anonymous_31)
FNDA:6,(anonymous_32)
FNDA:0,(anonymous_33)
FNDA:0,(anonymous_34)
FNDA:0,(anonymous_35)
DA:66,1
DA:67,1
DA:99,1
DA:100,0
DA:103,1
DA:104,1
DA:107,1
DA:108,0
DA:111,1
DA:112,1
DA:115,0
DA:116,0
DA:126,1
DA:127,0
DA:130,0
DA:131,0
DA:144,1
DA:145,1
DA:150,1
DA:151,1
DA:156,1
DA:157,1
DA:162,1
DA:163,1
DA:168,1
DA:169,1
DA:174,1
DA:175,0
DA:180,1
DA:181,0
DA:188,1
DA:190,0
DA:198,1
DA:199,0
DA:200,0
DA:209,0
DA:210,0
DA:211,0
DA:212,0
DA:213,0
DA:218,0
DA:225,1
DA:226,0
DA:231,0
DA:239,0
DA:243,0
DA:244,0
DA:253,0
DA:258,1
DA:259,0
DA:263,0
DA:264,0
DA:271,1
DA:272,0
DA:275,0
DA:276,0
DA:277,0
DA:284,0
DA:294,1
DA:297,0
DA:298,0
DA:299,0
DA:300,0
DA:305,0
DA:310,0
DA:314,0
DA:315,0
DA:322,0
DA:332,1
DA:340,1
DA:342,1
DA:348,0
DA:349,0
DA:352,0
DA:376,1
DA:380,1
DA:382,0
DA:399,0
DA:405,0
DA:411,0
DA:420,0
DA:421,0
DA:430,0
DA:432,0
DA:433,0
DA:434,0
DA:435,0
DA:436,0
DA:438,0
DA:445,6
DA:453,0
DA:466,0
DA:467,0
DA:469,0
DA:475,0
DA:489,0
DA:500,0
LF:97
LH:33
BRDA:275,0,0,0
BRDA:275,0,1,0
BRDA:298,1,0,0
BRDA:298,1,1,0
BRDA:340,2,0,1
BRDA:340,2,1,0
BRDA:349,3,0,0
BRDA:349,3,1,0
BRDA:349,3,2,0
BRDA:432,4,0,0
BRDA:432,4,1,0
BRDA:432,5,0,0
BRDA:432,5,1,0
BRDA:466,6,0,0
BRDA:466,6,1,0
BRDA:467,7,0,0
BRDA:467,7,1,0
BRDA:467,8,0,0
BRDA:467,8,1,0
BRF:19
BRH:1
end_of_record
TN:
SF:components\geofences\Geofence.tsx
FN:14,(anonymous_0)
FN:19,(anonymous_1)
FN:34,(anonymous_2)
FN:38,(anonymous_3)
FNF:4
FNH:2
FNDA:4,(anonymous_0)
FNDA:8,(anonymous_1)
FNDA:0,(anonymous_2)
FNDA:0,(anonymous_3)
DA:15,4
DA:17,4
DA:19,4
DA:20,8
DA:26,4
DA:38,0
DA:39,0
LF:7
LH:5
BRF:0
BRH:0
end_of_record
TN:
SF:components\geofences\GeofenceGroup.tsx
FN:21,(anonymous_0)
FN:23,(anonymous_1)
FN:34,(anonymous_2)
FN:49,(anonymous_3)
FN:64,(anonymous_4)
FN:79,(anonymous_5)
FN:91,(anonymous_6)
FNF:7
FNH:3
FNDA:1,(anonymous_0)
FNDA:3,(anonymous_1)
FNDA:0,(anonymous_2)
FNDA:0,(anonymous_3)
FNDA:0,(anonymous_4)
FNDA:0,(anonymous_5)
FNDA:1,(anonymous_6)
DA:21,1
DA:23,1
DA:24,3
DA:25,3
DA:26,3
DA:28,3
DA:29,1
DA:35,0
DA:43,2
DA:44,1
DA:50,0
DA:58,1
DA:59,1
DA:65,0
DA:73,0
DA:74,0
DA:80,0
DA:93,1
DA:95,1
DA:97,1
LF:20
LH:14
BRDA:28,0,0,1
BRDA:28,0,1,2
BRDA:43,1,0,1
BRDA:43,1,1,1
BRDA:58,2,0,1
BRDA:58,2,1,0
BRDA:73,3,0,0
BRDA:73,3,1,0
BRF:8
BRH:5
end_of_record
TN:
SF:components\markers\BikeMarkers.tsx
FN:26,(anonymous_0)
FN:32,(anonymous_1)
FN:54,(anonymous_2)
FN:79,(anonymous_3)
FN:83,(anonymous_4)
FN:87,(anonymous_5)
FNF:6
FNH:0
FNDA:0,(anonymous_0)
FNDA:0,(anonymous_1)
FNDA:0,(anonymous_2)
FNDA:0,(anonymous_3)
FNDA:0,(anonymous_4)
FNDA:0,(anonymous_5)
DA:26,0
DA:32,0
DA:34,0
DA:35,0
DA:37,0
DA:42,0
DA:46,0
DA:55,0
DA:74,0
DA:75,0
DA:80,0
DA:84,0
DA:89,0
DA:91,0
DA:93,0
LF:15
LH:0
BRDA:42,0,0,0
BRDA:42,0,1,0
BRDA:42,1,0,0
BRDA:42,1,1,0
BRDA:42,1,2,0
BRDA:42,1,3,0
BRF:6
BRH:0
end_of_record
TN:
SF:components\markers\CustomMarker.tsx
FN:13,(anonymous_0)
FNF:1
FNH:1
FNDA:5,(anonymous_0)
DA:15,5
DA:17,5
LF:2
LH:2
BRF:0
BRH:0
end_of_record
TN:
SF:components\markers\RentedMarker.tsx
FN:40,(anonymous_0)
FN:49,(anonymous_1)
FNF:2
FNH:2
FNDA:2,(anonymous_0)
FNDA:1,(anonymous_1)
DA:41,2
DA:45,2
DA:49,1
LF:3
LH:3
BRF:0
BRH:0
end_of_record
TN:
SF:components\markers\StationMarkers.tsx
FN:31,(anonymous_0)
FN:43,(anonymous_1)
FN:62,(anonymous_2)
FN:97,(anonymous_3)
FNF:4
FNH:0
FNDA:0,(anonymous_0)
FNDA:0,(anonymous_1)
FNDA:0,(anonymous_2)
FNDA:0,(anonymous_3)
DA:31,0
DA:43,0
DA:45,0
DA:46,0
DA:48,0
DA:53,0
DA:57,0
DA:76,0
DA:92,0
DA:93,0
DA:107,0
DA:109,0
DA:120,0
LF:13
LH:0
BRDA:53,0,0,0
BRDA:53,0,1,0
BRDA:53,1,0,0
BRDA:53,1,1,0
BRDA:53,1,2,0
BRDA:53,1,3,0
BRF:6
BRH:0
end_of_record
TN:
SF:components\markers\UserMarker.tsx
FN:12,(anonymous_0)
FN:20,(anonymous_1)
FNF:2
FNH:0
FNDA:0,(anonymous_0)
FNDA:0,(anonymous_1)
DA:14,0
DA:21,0
LF:2
LH:0
BRF:0
BRH:0
end_of_record
TN:
SF:components\panels\BikePanel.tsx
FN:26,(anonymous_0)
FN:36,(anonymous_1)
FN:40,(anonymous_2)
FN:53,(anonymous_3)
FN:80,(anonymous_4)
FNF:5
FNH:4
FNDA:1,(anonymous_0)
FNDA:1,(anonymous_1)
FNDA:1,(anonymous_2)
FNDA:1,(anonymous_3)
FNDA:0,(anonymous_4)
DA:27,1
DA:28,1
DA:37,1
DA:40,1
DA:41,1
DA:43,0
DA:54,1
DA:57,1
DA:81,0
DA:82,0
DA:83,0
DA:84,0
LF:12
LH:7
BRDA:93,0,0,1
BRDA:93,0,1,0
BRDA:93,0,2,0
BRDA:100,1,0,1
BRDA:100,1,1,0
BRDA:100,1,2,0
BRF:6
BRH:2
end_of_record
TN:
SF:components\panels\ChargBikeIcon.tsx
FN:17,(anonymous_0)
FN:24,(anonymous_1)
FNF:2
FNH:0
FNDA:0,(anonymous_0)
FNDA:0,(anonymous_1)
DA:19,0
DA:21,0
DA:25,0
DA:26,0
LF:4
LH:0
BRF:0
BRH:0
end_of_record
TN:
SF:components\panels\ChargBikeIconPanel.tsx
FN:22,(anonymous_0)
FN:26,(anonymous_1)
FNF:2
FNH:0
FNDA:0,(anonymous_0)
FNDA:0,(anonymous_1)
DA:24,0
DA:26,0
DA:27,0
DA:36,0
LF:4
LH:0
BRF:0
BRH:0
end_of_record
TN:
SF:components\panels\DestinationPanel.tsx
FN:10,(anonymous_0)
FNF:1
FNH:1
FNDA:1,(anonymous_0)
DA:11,1
DA:14,1
LF:2
LH:2
BRF:0
BRH:0
end_of_record
TN:
SF:components\panels\GeofencePanel.tsx
FN:13,(anonymous_0)
FNF:1
FNH:1
FNDA:1,(anonymous_0)
DA:14,1
DA:17,1
LF:2
LH:2
BRF:0
BRH:0
end_of_record
TN:
SF:components\panels\LoadingPanel.tsx
FN:10,(anonymous_0)
FNF:1
FNH:0
FNDA:0,(anonymous_0)
DA:12,0
LF:1
LH:0
BRF:0
BRH:0
end_of_record
TN:
SF:components\panels\PricePanel.tsx
FN:8,(anonymous_0)
FNF:1
FNH:1
FNDA:1,(anonymous_0)
DA:9,1
DA:10,1
LF:2
LH:2
BRF:0
BRH:0
end_of_record
TN:
SF:components\panels\RentedPanel.tsx
FN:22,(anonymous_0)
FN:29,(anonymous_1)
FN:33,(anonymous_2)
FN:41,(anonymous_3)
FN:63,(anonymous_4)
FNF:5
FNH:4
FNDA:1,(anonymous_0)
FNDA:1,(anonymous_1)
FNDA:1,(anonymous_2)
FNDA:1,(anonymous_3)
FNDA:0,(anonymous_4)
DA:23,1
DA:24,1
DA:30,1
DA:33,1
DA:34,1
DA:35,0
DA:43,1
DA:44,1
DA:64,0
LF:9
LH:7
BRF:0
BRH:0
end_of_record
TN:
SF:components\panels\SetDestinationPanel.tsx
FN:24,(anonymous_0)
FN:44,(anonymous_1)
FN:53,(anonymous_2)
FN:55,(anonymous_3)
FNF:4
FNH:1
FNDA:1,(anonymous_0)
FNDA:0,(anonymous_1)
FNDA:0,(anonymous_2)
FNDA:0,(anonymous_3)
DA:34,1
DA:35,1
DA:45,0
DA:46,0
DA:47,0
DA:50,0
DA:54,0
DA:56,0
DA:57,0
DA:58,0
DA:59,0
DA:64,0
DA:65,0
LF:13
LH:2
BRF:0
BRH:0
end_of_record
TN:
SF:components\panels\StationPanel.tsx
FN:33,(anonymous_0)
FN:41,(anonymous_1)
FN:45,(anonymous_2)
FN:49,(anonymous_3)
FN:51,(anonymous_4)
FN:67,(anonymous_5)
FN:102,(anonymous_6)
FN:131,(anonymous_7)
FN:155,(anonymous_8)
FNF:9
FNH:4
FNDA:3,(anonymous_0)
FNDA:3,(anonymous_1)
FNDA:0,(anonymous_2)
FNDA:3,(anonymous_3)
FNDA:0,(anonymous_4)
FNDA:3,(anonymous_5)
FNDA:0,(anonymous_6)
FNDA:0,(anonymous_7)
FNDA:0,(anonymous_8)
DA:34,3
DA:35,3
DA:42,3
DA:46,0
DA:49,3
DA:50,3
DA:51,3
DA:52,0
DA:55,0
DA:76,3
DA:78,3
DA:79,3
DA:81,3
DA:87,3
DA:103,0
DA:132,0
DA:133,0
DA:136,0
DA:137,0
DA:138,0
DA:140,0
DA:156,0
DA:157,0
DA:158,0
DA:159,0
LF:25
LH:11
BRDA:52,0,0,0
BRDA:52,0,1,0
BRDA:98,1,0,3
BRDA:98,1,1,1
BRDA:98,1,2,1
BRDA:98,1,3,0
BRDA:120,2,0,3
BRDA:120,2,1,2
BRDA:120,2,2,2
BRDA:120,2,3,1
BRDA:120,2,4,1
BRDA:120,2,5,1
BRDA:120,2,6,2
BRDA:147,3,0,3
BRDA:147,3,1,2
BRDA:147,3,2,1
BRDA:147,3,3,0
BRDA:147,3,4,0
BRF:18
BRH:13
end_of_record
TN:
SF:components\panels\UserPanel.tsx
FN:10,(anonymous_0)
FNF:1
FNH:0
FNDA:0,(anonymous_0)
DA:12,0
LF:1
LH:0
BRF:0
BRH:0
end_of_record
TN:
SF:components\polyline\Polyline.tsx
FN:11,(anonymous_0)
FNF:1
FNH:1
FNDA:1,(anonymous_0)
DA:12,1
DA:14,1
LF:2
LH:2
BRF:0
BRH:0
end_of_record
TN:
SF:interfaces\bike.ts
FNF:0
FNH:0
LF:0
LH:0
BRF:0
BRH:0
end_of_record
TN:
SF:models\authModel.ts
FN:7,getUserId
FN:11,loggedIn
FN:23,logIn
FN:80,logOut
FNF:4
FNH:0
FNDA:0,getUserId
FNDA:0,loggedIn
FNDA:0,logIn
FNDA:0,logOut
DA:6,3
DA:8,0
DA:9,0
DA:12,0
DA:13,0
DA:14,0
DA:15,0
DA:16,0
DA:17,0
DA:19,0
DA:21,0
DA:24,0
DA:30,0
DA:38,0
DA:40,0
DA:42,0
DA:46,0
DA:81,0
LF:18
LH:1
BRDA:13,0,0,0
BRDA:13,0,1,0
BRDA:16,1,0,0
BRDA:16,1,1,0
BRDA:40,2,0,0
BRDA:40,2,1,0
BRF:6
BRH:0
end_of_record
TN:
SF:models\mapModel.ts
FN:12,getStations
FN:21,getBikesInRadius
FN:39,getBikes
FN:48,getBikes
FN:56,getBike
FN:65,getGeofences
FN:74,getGeofences
FN:89,(anonymous_7)
FN:98,simulateRoute
FNF:9
FNH:2
FNDA:1,getStations
FNDA:1,getBikesInRadius
FNDA:0,getBikes
FNDA:0,getBikes
FNDA:0,getBike
FNDA:0,getGeofences
FNDA:0,getGeofences
FNDA:0,(anonymous_7)
FNDA:0,simulateRoute
DA:11,3
DA:13,1
DA:15,0
DA:17,0
DA:19,0
DA:27,1
DA:28,0
DA:29,0
DA:31,0
DA:33,0
DA:35,0
DA:37,0
DA:40,0
DA:42,0
DA:44,0
DA:46,0
DA:49,0
DA:50,0
DA:52,0
DA:54,0
DA:57,0
DA:59,0
DA:61,0
DA:63,0
DA:66,0
DA:68,0
DA:70,0
DA:72,0
DA:76,0
DA:77,0
DA:78,0
DA:79,0
DA:81,0
DA:83,0
DA:85,0
DA:87,0
DA:89,0
DA:90,0
DA:96,0
DA:102,0
DA:103,0
DA:105,0
DA:136,0
DA:138,0
DA:139,0
DA:156,0
DA:161,0
LF:47
LH:3
BRF:0
BRH:0
end_of_record
TN:
SF:models\priceModel.ts
FN:5,getPrice
FNF:1
FNH:1
FNDA:2,getPrice
DA:4,4
DA:6,2
DA:8,0
DA:10,0
DA:12,0
LF:5
LH:2
BRF:0
BRH:0
end_of_record
TN:
SF:models\rentModel.ts
FN:8,startRent
FN:32,getRentOnUser
FN:45,getOngoingRents
FN:57,getInvoices
FN:69,stopRent
FNF:5
FNH:0
FNDA:0,startRent
FNDA:0,getRentOnUser
FNDA:0,getOngoingRents
FNDA:0,getInvoices
FNDA:0,stopRent
DA:7,3
DA:10,0
DA:12,0
DA:18,0
DA:20,0
DA:28,0
DA:30,0
DA:34,0
DA:36,0
DA:38,0
DA:41,0
DA:43,0
DA:47,0
DA:49,0
DA:51,0
DA:53,0
DA:55,0
DA:59,0
DA:61,0
DA:63,0
DA:65,0
DA:67,0
DA:71,0
DA:73,0
DA:74,0
DA:75,0
DA:82,0
DA:84,0
DA:87,0
LF:29
LH:1
BRDA:73,0,0,0
BRDA:73,0,1,0
BRDA:73,1,0,0
BRDA:73,1,1,0
BRF:4
BRH:0
end_of_record
TN:
SF:models\storageModel.ts
FN:5,storeToken
FN:19,readToken
FN:27,deleteToken
FNF:3
FNH:0
FNDA:0,storeToken
FNDA:0,readToken
FNDA:0,deleteToken
DA:4,3
DA:6,0
DA:7,0
DA:12,0
DA:14,0
DA:20,0
DA:21,0
DA:22,0
DA:28,0
DA:29,0
LF:10
LH:1
BRDA:22,0,0,0
BRDA:22,0,1,0
BRF:2
BRH:0
end_of_record
TN:
SF:styles\base.tsx
FNF:0
FNH:0
DA:1,9
DA:6,9
DA:13,9
DA:19,9
DA:27,9
DA:33,9
DA:37,9
LF:7
LH:7
BRF:0
BRH:0
end_of_record
TN:
SF:styles\button.tsx
FNF:0
FNH:0
DA:1,9
DA:15,9
DA:29,9
DA:43,9
DA:62,9
DA:69,9
DA:83,9
DA:103,9
DA:109,9
DA:115,9
DA:121,9
DA:135,9
DA:147,9
LF:13
LH:13
BRF:0
BRH:0
end_of_record
TN:
SF:styles\flash.tsx
FNF:0
FNH:0
DA:1,9
DA:5,9
DA:11,9
LF:3
LH:3
BRF:0
BRH:0
end_of_record
TN:
SF:styles\forms.tsx
FNF:0
FNH:0
DA:1,9
LF:1
LH:1
BRF:0
BRH:0
end_of_record
TN:
SF:styles\image.tsx
FNF:0
FNH:0
DA:1,9
DA:6,9
DA:11,9
DA:16,9
DA:22,9
DA:30,9
LF:6
LH:6
BRF:0
BRH:0
end_of_record
TN:
SF:styles\index.js
FNF:0
FNH:0
LF:0
LH:0
BRF:0
BRH:0
end_of_record
TN:
SF:styles\map.tsx
FNF:0
FNH:0
DA:1,9
DA:6,9
DA:11,9
DA:23,9
DA:35,9
DA:47,9
DA:52,9
DA:58,9
DA:62,9
DA:67,9
LF:10
LH:10
BRF:0
BRH:0
end_of_record
TN:
SF:styles\typography.tsx
FNF:0
FNH:0
DA:1,9
DA:8,9
DA:15,9
DA:23,9
LF:4
LH:4
BRF:0
BRH:0
end_of_record
