TN:
SF:assets\Active.png
FNF:0
FNH:0
DA:1,1
LF:1
LH:1
BRF:0
BRH:0
end_of_record
TN:
SF:assets\Available.png
FNF:0
FNH:0
DA:1,1
LF:1
LH:1
BRF:0
BRH:0
end_of_record
TN:
SF:components\Map.tsx
FN:54,(anonymous_0)
FN:85,(anonymous_1)
FN:89,(anonymous_2)
FN:93,(anonymous_3)
FN:100,(anonymous_4)
FN:106,(anonymous_5)
FN:112,(anonymous_6)
FN:118,(anonymous_7)
FN:124,(anonymous_8)
FN:131,(anonymous_9)
FN:137,(anonymous_10)
FN:146,(anonymous_11)
FN:164,(anonymous_12)
FN:174,(anonymous_13)
FN:178,(anonymous_14)
FN:194,(anonymous_15)
FN:198,(anonymous_16)
FN:208,(anonymous_17)
FN:226,(anonymous_18)
FN:279,(anonymous_19)
FN:286,(anonymous_20)
FN:343,(anonymous_21)
FN:360,(anonymous_22)
FN:376,(anonymous_23)
FN:385,(anonymous_24)
FNF:25
FNH:9
FNDA:2,(anonymous_0)
FNDA:0,(anonymous_1)
FNDA:1,(anonymous_2)
FNDA:0,(anonymous_3)
FNDA:1,(anonymous_4)
FNDA:1,(anonymous_5)
FNDA:1,(anonymous_6)
FNDA:1,(anonymous_7)
FNDA:1,(anonymous_8)
FNDA:0,(anonymous_9)
FNDA:0,(anonymous_10)
FNDA:0,(anonymous_11)
FNDA:0,(anonymous_12)
FNDA:0,(anonymous_13)
FNDA:0,(anonymous_14)
FNDA:0,(anonymous_15)
FNDA:0,(anonymous_16)
FNDA:0,(anonymous_17)
FNDA:0,(anonymous_18)
FNDA:2,(anonymous_19)
FNDA:0,(anonymous_20)
FNDA:9,(anonymous_21)
FNDA:0,(anonymous_22)
FNDA:0,(anonymous_23)
FNDA:0,(anonymous_24)
DA:55,2
DA:56,2
DA:85,2
DA:86,0
DA:89,2
DA:90,1
DA:93,2
DA:94,0
DA:100,2
DA:101,1
DA:106,2
DA:107,1
DA:112,2
DA:113,1
DA:118,2
DA:119,1
DA:124,2
DA:126,1
DA:131,2
DA:132,0
DA:137,2
DA:138,0
DA:146,2
DA:147,0
DA:148,0
DA:149,0
DA:150,0
DA:151,0
DA:152,0
DA:154,0
DA:164,2
DA:165,0
DA:169,0
DA:175,0
DA:179,0
DA:180,0
DA:183,0
DA:189,0
DA:194,2
DA:195,0
DA:199,0
DA:200,0
DA:203,0
DA:208,2
DA:211,0
DA:217,0
DA:222,0
DA:223,0
DA:225,0
DA:226,0
DA:227,0
DA:232,0
DA:238,0
DA:240,0
DA:242,0
DA:245,0
DA:246,0
DA:257,0
DA:258,0
DA:283,2
DA:287,0
DA:296,2
DA:297,0
DA:299,0
DA:301,0
DA:304,0
DA:312,0
DA:321,0
DA:322,0
DA:331,0
DA:333,0
DA:334,0
DA:335,0
DA:336,0
DA:337,0
DA:349,9
DA:356,9
DA:364,0
DA:365,0
DA:366,0
DA:368,0
DA:379,0
DA:380,0
DA:381,0
DA:387,0
DA:401,0
DA:411,0
LF:87
LH:26
BRDA:150,0,0,0
BRDA:150,0,1,0
BRDA:222,1,0,0
BRDA:222,1,1,0
BRDA:225,2,0,0
BRDA:225,2,1,0
BRDA:227,3,0,0
BRDA:227,3,1,0
BRDA:240,4,0,0
BRDA:240,4,1,0
BRDA:245,5,0,0
BRDA:245,5,1,0
BRDA:257,6,0,0
BRDA:257,6,1,0
BRDA:297,7,0,0
BRDA:297,7,1,0
BRDA:333,8,0,0
BRDA:333,8,1,0
BRDA:333,9,0,0
BRDA:333,9,1,0
BRDA:379,10,0,0
BRDA:379,10,1,0
BRDA:380,11,0,0
BRDA:380,11,1,0
BRDA:380,12,0,0
BRDA:380,12,1,0
BRF:26
BRH:0
end_of_record
TN:
SF:components\geofences\Geofence.tsx
FN:14,(anonymous_0)
FN:19,(anonymous_1)
FN:34,(anonymous_2)
FN:38,(anonymous_3)
FNF:4
FNH:2
FNDA:4,(anonymous_0)
FNDA:8,(anonymous_1)
FNDA:0,(anonymous_2)
FNDA:0,(anonymous_3)
DA:15,4
DA:17,4
DA:19,4
DA:20,8
DA:26,4
DA:38,0
DA:39,0
LF:7
LH:5
BRF:0
BRH:0
end_of_record
TN:
SF:components\geofences\GeofenceGroup.tsx
FN:21,(anonymous_0)
FN:23,(anonymous_1)
FN:34,(anonymous_2)
FN:48,(anonymous_3)
FN:62,(anonymous_4)
FN:76,(anonymous_5)
FN:87,(anonymous_6)
FNF:7
FNH:3
FNDA:1,(anonymous_0)
FNDA:3,(anonymous_1)
FNDA:0,(anonymous_2)
FNDA:0,(anonymous_3)
FNDA:0,(anonymous_4)
FNDA:0,(anonymous_5)
FNDA:1,(anonymous_6)
DA:21,1
DA:23,1
DA:24,3
DA:25,3
DA:26,3
DA:28,3
DA:29,1
DA:35,0
DA:42,2
DA:43,1
DA:49,0
DA:56,1
DA:57,1
DA:63,0
DA:70,0
DA:71,0
DA:77,0
DA:89,1
DA:91,1
DA:93,1
LF:20
LH:14
BRDA:28,0,0,1
BRDA:28,0,1,2
BRDA:42,1,0,1
BRDA:42,1,1,1
BRDA:56,2,0,1
BRDA:56,2,1,0
BRDA:70,3,0,0
BRDA:70,3,1,0
BRF:8
BRH:5
end_of_record
TN:
SF:components\markers\BikeMarkers.tsx
FN:25,(anonymous_0)
FN:31,(anonymous_1)
FN:53,(anonymous_2)
FN:78,(anonymous_3)
FNF:4
FNH:3
FNDA:2,(anonymous_0)
FNDA:4,(anonymous_1)
FNDA:0,(anonymous_2)
FNDA:2,(anonymous_3)
DA:25,2
DA:31,2
DA:33,4
DA:34,4
DA:36,4
DA:41,4
DA:45,3
DA:54,0
DA:73,1
DA:74,1
DA:80,2
DA:82,2
DA:84,2
LF:13
LH:12
BRDA:41,0,0,3
BRDA:41,0,1,1
BRDA:41,1,0,4
BRDA:41,1,1,4
BRDA:41,1,2,3
BRDA:41,1,3,3
BRF:6
BRH:6
end_of_record
TN:
SF:components\markers\CustomMarker.tsx
FN:17,(anonymous_0)
FNF:1
FNH:1
FNDA:6,(anonymous_0)
DA:19,6
DA:20,6
LF:2
LH:2
BRF:0
BRH:0
end_of_record
TN:
SF:components\markers\CustomMarkerSmall.tsx
FN:17,(anonymous_0)
FNF:1
FNH:0
FNDA:0,(anonymous_0)
DA:19,0
DA:20,0
LF:2
LH:0
BRF:0
BRH:0
end_of_record
TN:
SF:components\markers\RentedMarker.tsx
FN:17,(anonymous_0)
FN:21,(anonymous_1)
FN:38,(anonymous_2)
FNF:3
FNH:3
FNDA:3,(anonymous_0)
FNDA:1,(anonymous_1)
FNDA:3,(anonymous_2)
DA:17,3
DA:18,3
DA:21,1
DA:39,3
DA:41,3
DA:43,3
LF:6
LH:6
BRF:0
BRH:0
end_of_record
TN:
SF:components\markers\StationMarkers.tsx
FN:31,(anonymous_0)
FN:43,(anonymous_1)
FN:62,(anonymous_2)
FN:97,(anonymous_3)
FNF:4
FNH:0
FNDA:0,(anonymous_0)
FNDA:0,(anonymous_1)
FNDA:0,(anonymous_2)
FNDA:0,(anonymous_3)
DA:31,0
DA:43,0
DA:45,0
DA:46,0
DA:48,0
DA:53,0
DA:57,0
DA:76,0
DA:92,0
DA:93,0
DA:107,0
DA:109,0
DA:120,0
LF:13
LH:0
BRDA:53,0,0,0
BRDA:53,0,1,0
BRDA:53,1,0,0
BRDA:53,1,1,0
BRDA:53,1,2,0
BRDA:53,1,3,0
BRF:6
BRH:0
end_of_record
TN:
SF:components\markers\UserMarker.tsx
FN:11,(anonymous_0)
FNF:1
FNH:0
FNDA:0,(anonymous_0)
DA:12,0
DA:14,0
LF:2
LH:0
BRF:0
BRH:0
end_of_record
TN:
SF:components\panels\BikePanel.tsx
FN:25,(anonymous_0)
FN:35,(anonymous_1)
FN:39,(anonymous_2)
FN:52,(anonymous_3)
FN:66,(anonymous_4)
FNF:5
FNH:5
FNDA:2,(anonymous_0)
FNDA:2,(anonymous_1)
FNDA:2,(anonymous_2)
FNDA:2,(anonymous_3)
FNDA:1,(anonymous_4)
DA:26,2
DA:27,2
DA:36,2
DA:39,2
DA:40,2
DA:42,0
DA:53,2
DA:55,2
DA:58,2
DA:67,1
DA:68,0
DA:69,0
LF:12
LH:9
BRDA:78,0,0,2
BRDA:78,0,1,0
BRDA:78,0,2,0
BRDA:85,1,0,2
BRDA:85,1,1,0
BRDA:85,1,2,0
BRF:6
BRH:2
end_of_record
TN:
SF:components\panels\ChargBikeIcon.tsx
FN:17,(anonymous_0)
FN:24,(anonymous_1)
FNF:2
FNH:0
FNDA:0,(anonymous_0)
FNDA:0,(anonymous_1)
DA:19,0
DA:21,0
DA:25,0
DA:26,0
LF:4
LH:0
BRF:0
BRH:0
end_of_record
TN:
SF:components\panels\ChargBikeIconPanel.tsx
FN:20,(anonymous_0)
FN:24,(anonymous_1)
FNF:2
FNH:0
FNDA:0,(anonymous_0)
FNDA:0,(anonymous_1)
DA:22,0
DA:24,0
DA:25,0
DA:34,0
LF:4
LH:0
BRF:0
BRH:0
end_of_record
TN:
SF:components\panels\DestinationPanel.tsx
FN:9,(anonymous_0)
FNF:1
FNH:1
FNDA:1,(anonymous_0)
DA:10,1
DA:11,1
LF:2
LH:2
BRF:0
BRH:0
end_of_record
TN:
SF:components\panels\GeofencePanel.tsx
FN:8,(anonymous_0)
FNF:1
FNH:1
FNDA:1,(anonymous_0)
DA:9,1
DA:10,1
LF:2
LH:2
BRF:0
BRH:0
end_of_record
TN:
SF:components\panels\PricePanel.tsx
FN:8,(anonymous_0)
FNF:1
FNH:1
FNDA:1,(anonymous_0)
DA:9,1
DA:10,1
LF:2
LH:2
BRF:0
BRH:0
end_of_record
TN:
SF:components\panels\RentedPanel.tsx
FN:22,(anonymous_0)
FN:29,(anonymous_1)
FN:33,(anonymous_2)
FN:41,(anonymous_3)
FN:50,(anonymous_4)
FNF:5
FNH:2
FNDA:1,(anonymous_0)
FNDA:0,(anonymous_1)
FNDA:0,(anonymous_2)
FNDA:1,(anonymous_3)
FNDA:0,(anonymous_4)
DA:23,1
DA:24,1
DA:30,0
DA:33,1
DA:34,0
DA:35,0
DA:43,1
DA:44,1
DA:51,0
LF:9
LH:5
BRF:0
BRH:0
end_of_record
TN:
SF:components\panels\SetDestinationPanel.tsx
FN:23,(anonymous_0)
FN:38,(anonymous_1)
FN:47,(anonymous_2)
FN:49,(anonymous_3)
FNF:4
FNH:1
FNDA:1,(anonymous_0)
FNDA:0,(anonymous_1)
FNDA:0,(anonymous_2)
FNDA:0,(anonymous_3)
DA:32,1
DA:33,1
DA:39,0
DA:40,0
DA:41,0
DA:44,0
DA:48,0
DA:50,0
DA:51,0
DA:52,0
DA:53,0
DA:59,0
DA:60,0
LF:13
LH:2
BRF:0
BRH:0
end_of_record
TN:
SF:components\panels\StationPanel.tsx
FN:33,(anonymous_0)
FN:41,(anonymous_1)
FN:45,(anonymous_2)
FN:47,(anonymous_3)
FN:63,(anonymous_4)
FN:94,(anonymous_5)
FN:119,(anonymous_6)
FN:141,(anonymous_7)
FNF:8
FNH:4
FNDA:3,(anonymous_0)
FNDA:3,(anonymous_1)
FNDA:3,(anonymous_2)
FNDA:0,(anonymous_3)
FNDA:3,(anonymous_4)
FNDA:0,(anonymous_5)
FNDA:0,(anonymous_6)
FNDA:0,(anonymous_7)
DA:34,3
DA:35,3
DA:42,3
DA:45,3
DA:46,3
DA:47,3
DA:48,0
DA:51,0
DA:72,3
DA:74,3
DA:75,3
DA:77,3
DA:83,3
DA:95,0
DA:120,0
DA:121,0
DA:124,0
DA:125,0
DA:126,0
DA:142,0
DA:143,0
DA:144,0
DA:145,0
LF:23
LH:11
BRDA:48,0,0,0
BRDA:48,0,1,0
BRDA:90,1,0,3
BRDA:90,1,1,1
BRDA:90,1,2,1
BRDA:108,2,0,3
BRDA:108,2,1,2
BRDA:108,2,2,2
BRDA:108,2,3,1
BRDA:108,2,4,1
BRDA:108,2,5,1
BRDA:108,2,6,2
BRDA:133,3,0,3
BRDA:133,3,1,2
BRDA:133,3,2,1
BRDA:133,3,3,0
BRDA:133,3,4,0
BRF:17
BRH:13
end_of_record
TN:
SF:components\polyline\Polyline.tsx
FN:11,(anonymous_0)
FNF:1
FNH:1
FNDA:1,(anonymous_0)
DA:12,1
DA:14,1
LF:2
LH:2
BRF:0
BRH:0
end_of_record
TN:
SF:models\mapModel.ts
FN:12,getStations
FN:21,getBikesInRadius
FN:59,getBikes
FN:68,getBikes
FN:76,getBikes
FN:85,getGeofences
FN:94,getGeofences
FN:109,(anonymous_7)
FNF:8
FNH:0
FNDA:0,getStations
FNDA:0,getBikesInRadius
FNDA:0,getBikes
FNDA:0,getBikes
FNDA:0,getBikes
FNDA:0,getGeofences
FNDA:0,getGeofences
FNDA:0,(anonymous_7)
DA:11,3
DA:13,0
DA:15,0
DA:17,0
DA:19,0
DA:60,0
DA:62,0
DA:64,0
DA:66,0
DA:69,0
DA:70,0
DA:72,0
DA:74,0
DA:77,0
DA:79,0
DA:81,0
DA:83,0
DA:86,0
DA:88,0
DA:90,0
DA:92,0
DA:96,0
DA:97,0
DA:98,0
DA:99,0
DA:101,0
DA:103,0
DA:105,0
DA:107,0
DA:109,0
DA:110,0
DA:116,0
LF:32
LH:1
BRF:0
BRH:0
end_of_record
TN:
SF:models\priceModel.ts
FN:5,getPrice
FNF:1
FNH:1
FNDA:2,getPrice
DA:4,5
DA:6,2
DA:8,0
DA:10,0
DA:12,0
LF:5
LH:2
BRF:0
BRH:0
end_of_record
TN:
SF:models\rentModel.ts
FN:7,startRent
FN:28,getRentOnUser
FN:39,getOngoingRents
FN:49,stopRent
FNF:4
FNH:1
FNDA:1,startRent
FNDA:0,getRentOnUser
FNDA:0,getOngoingRents
FNDA:0,stopRent
DA:6,4
DA:9,1
DA:16,1
DA:24,0
DA:26,0
DA:31,0
DA:33,0
DA:35,0
DA:37,0
DA:41,0
DA:43,0
DA:45,0
DA:47,0
DA:51,0
DA:53,0
DA:63,0
DA:64,0
DA:71,0
DA:73,0
DA:76,0
LF:20
LH:3
BRDA:53,0,0,0
BRDA:53,0,1,0
BRDA:53,1,0,0
BRDA:53,1,1,0
BRF:4
BRH:0
end_of_record
TN:
SF:styles\base.tsx
FNF:0
FNH:0
DA:1,12
DA:9,12
LF:2
LH:2
BRF:0
BRH:0
end_of_record
TN:
SF:styles\button.tsx
FNF:0
FNH:0
DA:1,12
DA:15,12
DA:31,12
DA:45,12
DA:60,12
DA:66,12
DA:77,12
LF:7
LH:7
BRF:0
BRH:0
end_of_record
TN:
SF:styles\image.tsx
FNF:0
FNH:0
DA:1,12
DA:6,12
DA:11,12
LF:3
LH:3
BRF:0
BRH:0
end_of_record
TN:
SF:styles\index.js
FNF:0
FNH:0
LF:0
LH:0
BRF:0
BRH:0
end_of_record
TN:
SF:styles\map.tsx
FNF:0
FNH:0
DA:1,12
DA:6,12
DA:11,12
DA:23,12
DA:35,12
DA:40,12
DA:44,12
LF:7
LH:7
BRF:0
BRH:0
end_of_record
TN:
SF:styles\typography.tsx
FNF:0
FNH:0
DA:1,12
DA:8,12
DA:15,12
LF:3
LH:3
BRF:0
BRH:0
end_of_record
